CRITICAL - 2022-08-21 07:38:46 --> Undefined array key "user_id"
#0 F:\SOFTWARES\htdocs\HMS\app\Views\SubWarden\Rooms\rooms.php(156): CodeIgniter\Debug\Exceptions->errorHandler(2, 'Undefined array...', 'F:\\SOFTWARES\\ht...', 156)
#1 F:\SOFTWARES\htdocs\HMS\system\View\View.php(210): include('F:\\SOFTWARES\\ht...')
#2 F:\SOFTWARES\htdocs\HMS\system\View\View.php(213): CodeIgniter\View\View->CodeIgniter\View\{closure}()
#3 F:\SOFTWARES\htdocs\HMS\system\Common.php(1089): CodeIgniter\View\View->render('SubWarden/Rooms...', Array, true)
#4 F:\SOFTWARES\htdocs\HMS\app\Controllers\SubWarden_Rooms.php(15): view('SubWarden/Rooms...')
#5 F:\SOFTWARES\htdocs\HMS\system\CodeIgniter.php(832): App\Controllers\SubWarden_Rooms->room()
#6 F:\SOFTWARES\htdocs\HMS\system\CodeIgniter.php(419): CodeIgniter\CodeIgniter->runController(Object(App\Controllers\SubWarden_Rooms))
#7 F:\SOFTWARES\htdocs\HMS\system\CodeIgniter.php(326): CodeIgniter\CodeIgniter->handleRequest(NULL, Object(Config\Cache), false)
#8 F:\SOFTWARES\htdocs\HMS\index.php(37): CodeIgniter\CodeIgniter->run()
#9 {main}
CRITICAL - 2022-08-21 07:46:19 --> syntax error, unexpected token "}", expecting variable or "{" or "$"
#0 F:\SOFTWARES\htdocs\HMS\system\Autoloader\Autoloader.php(241): CodeIgniter\Autoloader\Autoloader->includeFile('F:\\SOFTWARES\\ht...')
#1 F:\SOFTWARES\htdocs\HMS\system\Autoloader\Autoloader.php(219): CodeIgniter\Autoloader\Autoloader->loadInNamespace('App\\Controllers...')
#2 [internal function]: CodeIgniter\Autoloader\Autoloader->loadClass('App\\Controllers...')
#3 F:\SOFTWARES\htdocs\HMS\system\CodeIgniter.php(797): class_exists('\\App\\Controller...', true)
#4 F:\SOFTWARES\htdocs\HMS\system\CodeIgniter.php(406): CodeIgniter\CodeIgniter->startController()
#5 F:\SOFTWARES\htdocs\HMS\system\CodeIgniter.php(326): CodeIgniter\CodeIgniter->handleRequest(NULL, Object(Config\Cache), false)
#6 F:\SOFTWARES\htdocs\HMS\index.php(37): CodeIgniter\CodeIgniter->run()
#7 {main}
CRITICAL - 2022-08-21 08:35:28 --> Undefined variable $us_id
#0 F:\SOFTWARES\htdocs\HMS\app\Views\Student\dashboard\index.php(706): CodeIgniter\Debug\Exceptions->errorHandler(2, 'Undefined varia...', 'F:\\SOFTWARES\\ht...', 706)
#1 F:\SOFTWARES\htdocs\HMS\system\View\View.php(210): include('F:\\SOFTWARES\\ht...')
#2 F:\SOFTWARES\htdocs\HMS\system\View\View.php(213): CodeIgniter\View\View->CodeIgniter\View\{closure}()
#3 F:\SOFTWARES\htdocs\HMS\system\Common.php(1089): CodeIgniter\View\View->render('Student/dashboa...', Array, true)
#4 F:\SOFTWARES\htdocs\HMS\app\Controllers\Student_Dashboard.php(15): view('Student/dashboa...')
#5 F:\SOFTWARES\htdocs\HMS\system\CodeIgniter.php(832): App\Controllers\Student_Dashboard->index()
#6 F:\SOFTWARES\htdocs\HMS\system\CodeIgniter.php(419): CodeIgniter\CodeIgniter->runController(Object(App\Controllers\Student_Dashboard))
#7 F:\SOFTWARES\htdocs\HMS\system\CodeIgniter.php(326): CodeIgniter\CodeIgniter->handleRequest(NULL, Object(Config\Cache), false)
#8 F:\SOFTWARES\htdocs\HMS\index.php(37): CodeIgniter\CodeIgniter->run()
#9 {main}
CRITICAL - 2022-08-21 08:38:48 --> Undefined array key "date"
#0 F:\SOFTWARES\htdocs\HMS\app\Controllers\SubWarden_Request.php(31): CodeIgniter\Debug\Exceptions->errorHandler(2, 'Undefined array...', 'F:\\SOFTWARES\\ht...', 31)
#1 F:\SOFTWARES\htdocs\HMS\system\CodeIgniter.php(832): App\Controllers\SubWarden_Request->getMed_Request()
#2 F:\SOFTWARES\htdocs\HMS\system\CodeIgniter.php(419): CodeIgniter\CodeIgniter->runController(Object(App\Controllers\SubWarden_Request))
#3 F:\SOFTWARES\htdocs\HMS\system\CodeIgniter.php(326): CodeIgniter\CodeIgniter->handleRequest(NULL, Object(Config\Cache), false)
#4 F:\SOFTWARES\htdocs\HMS\index.php(37): CodeIgniter\CodeIgniter->run()
#5 {main}
ERROR - 2022-08-21 09:49:39 --> Table 'hms.stu_reg_date_limit' doesn't exist
CRITICAL - 2022-08-21 09:49:39 --> Call to a member function getResult() on bool
#0 F:\SOFTWARES\htdocs\HMS\system\BaseModel.php(584): CodeIgniter\Model->doFindAll(0, 0)
#1 F:\SOFTWARES\htdocs\HMS\app\Controllers\SubWarden_Rooms.php(512): CodeIgniter\BaseModel->findAll()
#2 F:\SOFTWARES\htdocs\HMS\system\CodeIgniter.php(832): App\Controllers\SubWarden_Rooms->getRegDate()
#3 F:\SOFTWARES\htdocs\HMS\system\CodeIgniter.php(419): CodeIgniter\CodeIgniter->runController(Object(App\Controllers\SubWarden_Rooms))
#4 F:\SOFTWARES\htdocs\HMS\system\CodeIgniter.php(326): CodeIgniter\CodeIgniter->handleRequest(NULL, Object(Config\Cache), false)
#5 F:\SOFTWARES\htdocs\HMS\index.php(37): CodeIgniter\CodeIgniter->run()
#6 {main}
ERROR - 2022-08-21 09:51:14 --> Table 'hms.stu_reg_date_limit' doesn't exist
CRITICAL - 2022-08-21 09:51:14 --> Call to a member function getResult() on bool
#0 F:\SOFTWARES\htdocs\HMS\system\BaseModel.php(584): CodeIgniter\Model->doFindAll(0, 0)
#1 F:\SOFTWARES\htdocs\HMS\app\Controllers\SubWarden_Rooms.php(512): CodeIgniter\BaseModel->findAll()
#2 F:\SOFTWARES\htdocs\HMS\system\CodeIgniter.php(832): App\Controllers\SubWarden_Rooms->getRegDate()
#3 F:\SOFTWARES\htdocs\HMS\system\CodeIgniter.php(419): CodeIgniter\CodeIgniter->runController(Object(App\Controllers\SubWarden_Rooms))
#4 F:\SOFTWARES\htdocs\HMS\system\CodeIgniter.php(326): CodeIgniter\CodeIgniter->handleRequest(NULL, Object(Config\Cache), false)
#5 F:\SOFTWARES\htdocs\HMS\index.php(37): CodeIgniter\CodeIgniter->run()
#6 {main}
ERROR - 2022-08-21 09:52:58 --> Table 'hms.stu_reg_date_limit' doesn't exist
CRITICAL - 2022-08-21 09:52:58 --> Call to a member function getResult() on bool
#0 F:\SOFTWARES\htdocs\HMS\system\BaseModel.php(584): CodeIgniter\Model->doFindAll(0, 0)
#1 F:\SOFTWARES\htdocs\HMS\app\Controllers\SubWarden_Rooms.php(512): CodeIgniter\BaseModel->findAll()
#2 F:\SOFTWARES\htdocs\HMS\system\CodeIgniter.php(832): App\Controllers\SubWarden_Rooms->getRegDate()
#3 F:\SOFTWARES\htdocs\HMS\system\CodeIgniter.php(419): CodeIgniter\CodeIgniter->runController(Object(App\Controllers\SubWarden_Rooms))
#4 F:\SOFTWARES\htdocs\HMS\system\CodeIgniter.php(326): CodeIgniter\CodeIgniter->handleRequest(NULL, Object(Config\Cache), false)
#5 F:\SOFTWARES\htdocs\HMS\index.php(37): CodeIgniter\CodeIgniter->run()
#6 {main}
ERROR - 2022-08-21 09:54:58 --> Table 'hms.stu_reg_date_limit' doesn't exist
CRITICAL - 2022-08-21 09:54:58 --> Call to a member function getResult() on bool
#0 F:\SOFTWARES\htdocs\HMS\system\BaseModel.php(584): CodeIgniter\Model->doFindAll(0, 0)
#1 F:\SOFTWARES\htdocs\HMS\app\Controllers\SubWarden_Rooms.php(512): CodeIgniter\BaseModel->findAll()
#2 F:\SOFTWARES\htdocs\HMS\system\CodeIgniter.php(832): App\Controllers\SubWarden_Rooms->getRegDate()
#3 F:\SOFTWARES\htdocs\HMS\system\CodeIgniter.php(419): CodeIgniter\CodeIgniter->runController(Object(App\Controllers\SubWarden_Rooms))
#4 F:\SOFTWARES\htdocs\HMS\system\CodeIgniter.php(326): CodeIgniter\CodeIgniter->handleRequest(NULL, Object(Config\Cache), false)
#5 F:\SOFTWARES\htdocs\HMS\index.php(37): CodeIgniter\CodeIgniter->run()
#6 {main}
ERROR - 2022-08-21 09:55:22 --> Table 'hms.stu_reg_date_limit' doesn't exist
CRITICAL - 2022-08-21 09:55:22 --> Call to a member function getResult() on bool
#0 F:\SOFTWARES\htdocs\HMS\system\BaseModel.php(584): CodeIgniter\Model->doFindAll(0, 0)
#1 F:\SOFTWARES\htdocs\HMS\app\Controllers\SubWarden_Rooms.php(512): CodeIgniter\BaseModel->findAll()
#2 F:\SOFTWARES\htdocs\HMS\system\CodeIgniter.php(832): App\Controllers\SubWarden_Rooms->getRegDate()
#3 F:\SOFTWARES\htdocs\HMS\system\CodeIgniter.php(419): CodeIgniter\CodeIgniter->runController(Object(App\Controllers\SubWarden_Rooms))
#4 F:\SOFTWARES\htdocs\HMS\system\CodeIgniter.php(326): CodeIgniter\CodeIgniter->handleRequest(NULL, Object(Config\Cache), false)
#5 F:\SOFTWARES\htdocs\HMS\index.php(37): CodeIgniter\CodeIgniter->run()
#6 {main}
CRITICAL - 2022-08-21 12:10:40 --> Undefined array key "user_id"
#0 F:\SOFTWARES\htdocs\HMS\app\Views\Student\Request\Leave_request.php(124): CodeIgniter\Debug\Exceptions->errorHandler(2, 'Undefined array...', 'F:\\SOFTWARES\\ht...', 124)
#1 F:\SOFTWARES\htdocs\HMS\system\View\View.php(210): include('F:\\SOFTWARES\\ht...')
#2 F:\SOFTWARES\htdocs\HMS\system\View\View.php(213): CodeIgniter\View\View->CodeIgniter\View\{closure}()
#3 F:\SOFTWARES\htdocs\HMS\system\Common.php(1089): CodeIgniter\View\View->render('Student/Request...', Array, true)
#4 F:\SOFTWARES\htdocs\HMS\app\Controllers\Student_leave_request.php(21): view('Student/Request...')
#5 F:\SOFTWARES\htdocs\HMS\system\CodeIgniter.php(832): App\Controllers\Student_leave_request->leave()
#6 F:\SOFTWARES\htdocs\HMS\system\CodeIgniter.php(419): CodeIgniter\CodeIgniter->runController(Object(App\Controllers\Student_leave_request))
#7 F:\SOFTWARES\htdocs\HMS\system\CodeIgniter.php(326): CodeIgniter\CodeIgniter->handleRequest(NULL, Object(Config\Cache), false)
#8 F:\SOFTWARES\htdocs\HMS\index.php(37): CodeIgniter\CodeIgniter->run()
#9 {main}
CRITICAL - 2022-08-21 12:44:35 --> A non-numeric value encountered
#0 F:\SOFTWARES\htdocs\HMS\app\Controllers\Student_register.php(62): CodeIgniter\Debug\Exceptions->errorHandler(2, 'A non-numeric v...', 'F:\\SOFTWARES\\ht...', 62)
#1 F:\SOFTWARES\htdocs\HMS\system\CodeIgniter.php(832): App\Controllers\Student_register->getDues()
#2 F:\SOFTWARES\htdocs\HMS\system\CodeIgniter.php(419): CodeIgniter\CodeIgniter->runController(Object(App\Controllers\Student_register))
#3 F:\SOFTWARES\htdocs\HMS\system\CodeIgniter.php(326): CodeIgniter\CodeIgniter->handleRequest(NULL, Object(Config\Cache), false)
#4 F:\SOFTWARES\htdocs\HMS\index.php(37): CodeIgniter\CodeIgniter->run()
#5 {main}
CRITICAL - 2022-08-21 12:44:39 --> A non-numeric value encountered
#0 F:\SOFTWARES\htdocs\HMS\app\Controllers\Student_register.php(62): CodeIgniter\Debug\Exceptions->errorHandler(2, 'A non-numeric v...', 'F:\\SOFTWARES\\ht...', 62)
#1 F:\SOFTWARES\htdocs\HMS\system\CodeIgniter.php(832): App\Controllers\Student_register->getDues()
#2 F:\SOFTWARES\htdocs\HMS\system\CodeIgniter.php(419): CodeIgniter\CodeIgniter->runController(Object(App\Controllers\Student_register))
#3 F:\SOFTWARES\htdocs\HMS\system\CodeIgniter.php(326): CodeIgniter\CodeIgniter->handleRequest(NULL, Object(Config\Cache), false)
#4 F:\SOFTWARES\htdocs\HMS\index.php(37): CodeIgniter\CodeIgniter->run()
#5 {main}
CRITICAL - 2022-08-21 12:45:00 --> A non-numeric value encountered
#0 F:\SOFTWARES\htdocs\HMS\app\Controllers\Student_register.php(62): CodeIgniter\Debug\Exceptions->errorHandler(2, 'A non-numeric v...', 'F:\\SOFTWARES\\ht...', 62)
#1 F:\SOFTWARES\htdocs\HMS\system\CodeIgniter.php(832): App\Controllers\Student_register->getDues()
#2 F:\SOFTWARES\htdocs\HMS\system\CodeIgniter.php(419): CodeIgniter\CodeIgniter->runController(Object(App\Controllers\Student_register))
#3 F:\SOFTWARES\htdocs\HMS\system\CodeIgniter.php(326): CodeIgniter\CodeIgniter->handleRequest(NULL, Object(Config\Cache), false)
#4 F:\SOFTWARES\htdocs\HMS\index.php(37): CodeIgniter\CodeIgniter->run()
#5 {main}
CRITICAL - 2022-08-21 12:46:49 --> Undefined array key "user_id"
#0 F:\SOFTWARES\htdocs\HMS\app\Views\SubWarden\dashboard\index.php(155): CodeIgniter\Debug\Exceptions->errorHandler(2, 'Undefined array...', 'F:\\SOFTWARES\\ht...', 155)
#1 F:\SOFTWARES\htdocs\HMS\system\View\View.php(210): include('F:\\SOFTWARES\\ht...')
#2 F:\SOFTWARES\htdocs\HMS\system\View\View.php(213): CodeIgniter\View\View->CodeIgniter\View\{closure}()
#3 F:\SOFTWARES\htdocs\HMS\system\Common.php(1089): CodeIgniter\View\View->render('SubWarden/dashb...', Array, true)
#4 F:\SOFTWARES\htdocs\HMS\app\Controllers\Subwarden_dashboard.php(339): view('SubWarden/dashb...')
#5 F:\SOFTWARES\htdocs\HMS\system\CodeIgniter.php(832): App\Controllers\Subwarden_Dashboard->prof()
#6 F:\SOFTWARES\htdocs\HMS\system\CodeIgniter.php(419): CodeIgniter\CodeIgniter->runController(Object(App\Controllers\Subwarden_Dashboard))
#7 F:\SOFTWARES\htdocs\HMS\system\CodeIgniter.php(326): CodeIgniter\CodeIgniter->handleRequest(NULL, Object(Config\Cache), false)
#8 F:\SOFTWARES\htdocs\HMS\index.php(37): CodeIgniter\CodeIgniter->run()
#9 {main}
CRITICAL - 2022-08-21 12:53:15 --> A non-numeric value encountered
#0 F:\SOFTWARES\htdocs\HMS\app\Controllers\Student_register.php(62): CodeIgniter\Debug\Exceptions->errorHandler(2, 'A non-numeric v...', 'F:\\SOFTWARES\\ht...', 62)
#1 F:\SOFTWARES\htdocs\HMS\system\CodeIgniter.php(832): App\Controllers\Student_register->getDues()
#2 F:\SOFTWARES\htdocs\HMS\system\CodeIgniter.php(419): CodeIgniter\CodeIgniter->runController(Object(App\Controllers\Student_register))
#3 F:\SOFTWARES\htdocs\HMS\system\CodeIgniter.php(326): CodeIgniter\CodeIgniter->handleRequest(NULL, Object(Config\Cache), false)
#4 F:\SOFTWARES\htdocs\HMS\index.php(37): CodeIgniter\CodeIgniter->run()
#5 {main}
CRITICAL - 2022-08-21 12:53:23 --> A non-numeric value encountered
#0 F:\SOFTWARES\htdocs\HMS\app\Controllers\Student_register.php(62): CodeIgniter\Debug\Exceptions->errorHandler(2, 'A non-numeric v...', 'F:\\SOFTWARES\\ht...', 62)
#1 F:\SOFTWARES\htdocs\HMS\system\CodeIgniter.php(832): App\Controllers\Student_register->getDues()
#2 F:\SOFTWARES\htdocs\HMS\system\CodeIgniter.php(419): CodeIgniter\CodeIgniter->runController(Object(App\Controllers\Student_register))
#3 F:\SOFTWARES\htdocs\HMS\system\CodeIgniter.php(326): CodeIgniter\CodeIgniter->handleRequest(NULL, Object(Config\Cache), false)
#4 F:\SOFTWARES\htdocs\HMS\index.php(37): CodeIgniter\CodeIgniter->run()
#5 {main}
CRITICAL - 2022-08-21 13:01:24 --> Undefined array key "user_id"
#0 F:\SOFTWARES\htdocs\HMS\app\Views\Student\dashboard\index.php(105): CodeIgniter\Debug\Exceptions->errorHandler(2, 'Undefined array...', 'F:\\SOFTWARES\\ht...', 105)
#1 F:\SOFTWARES\htdocs\HMS\system\View\View.php(210): include('F:\\SOFTWARES\\ht...')
#2 F:\SOFTWARES\htdocs\HMS\system\View\View.php(213): CodeIgniter\View\View->CodeIgniter\View\{closure}()
#3 F:\SOFTWARES\htdocs\HMS\system\Common.php(1089): CodeIgniter\View\View->render('Student/dashboa...', Array, true)
#4 F:\SOFTWARES\htdocs\HMS\app\Controllers\Student_Dashboard.php(15): view('Student/dashboa...')
#5 F:\SOFTWARES\htdocs\HMS\system\CodeIgniter.php(832): App\Controllers\Student_Dashboard->index()
#6 F:\SOFTWARES\htdocs\HMS\system\CodeIgniter.php(419): CodeIgniter\CodeIgniter->runController(Object(App\Controllers\Student_Dashboard))
#7 F:\SOFTWARES\htdocs\HMS\system\CodeIgniter.php(326): CodeIgniter\CodeIgniter->handleRequest(NULL, Object(Config\Cache), false)
#8 F:\SOFTWARES\htdocs\HMS\index.php(37): CodeIgniter\CodeIgniter->run()
#9 {main}
CRITICAL - 2022-08-21 13:29:35 --> Undefined array key "user_id"
#0 F:\SOFTWARES\htdocs\HMS\app\Views\SubWarden\dashboard\index.php(141): CodeIgniter\Debug\Exceptions->errorHandler(2, 'Undefined array...', 'F:\\SOFTWARES\\ht...', 141)
#1 F:\SOFTWARES\htdocs\HMS\system\View\View.php(210): include('F:\\SOFTWARES\\ht...')
#2 F:\SOFTWARES\htdocs\HMS\system\View\View.php(213): CodeIgniter\View\View->CodeIgniter\View\{closure}()
#3 F:\SOFTWARES\htdocs\HMS\system\Common.php(1089): CodeIgniter\View\View->render('SubWarden/dashb...', Array, true)
#4 F:\SOFTWARES\htdocs\HMS\app\Controllers\Subwarden_dashboard.php(339): view('SubWarden/dashb...')
#5 F:\SOFTWARES\htdocs\HMS\system\CodeIgniter.php(832): App\Controllers\Subwarden_Dashboard->prof()
#6 F:\SOFTWARES\htdocs\HMS\system\CodeIgniter.php(419): CodeIgniter\CodeIgniter->runController(Object(App\Controllers\Subwarden_Dashboard))
#7 F:\SOFTWARES\htdocs\HMS\system\CodeIgniter.php(326): CodeIgniter\CodeIgniter->handleRequest(NULL, Object(Config\Cache), false)
#8 F:\SOFTWARES\htdocs\HMS\index.php(37): CodeIgniter\CodeIgniter->run()
#9 {main}
ERROR - 2022-08-21 21:30:59 --> Unknown column 'user_id' in 'where clause'
CRITICAL - 2022-08-21 21:31:00 --> Call to a member function getResult() on bool
#0 F:\SOFTWARES\htdocs\HMS\system\BaseModel.php(584): CodeIgniter\Model->doFindAll(0, 0)
#1 F:\SOFTWARES\htdocs\HMS\app\Controllers\Student_Dashboard.php(258): CodeIgniter\BaseModel->findAll()
#2 F:\SOFTWARES\htdocs\HMS\system\CodeIgniter.php(832): App\Controllers\Student_Dashboard->update_user()
#3 F:\SOFTWARES\htdocs\HMS\system\CodeIgniter.php(419): CodeIgniter\CodeIgniter->runController(Object(App\Controllers\Student_Dashboard))
#4 F:\SOFTWARES\htdocs\HMS\system\CodeIgniter.php(326): CodeIgniter\CodeIgniter->handleRequest(NULL, Object(Config\Cache), false)
#5 F:\SOFTWARES\htdocs\HMS\index.php(37): CodeIgniter\CodeIgniter->run()
#6 {main}
CRITICAL - 2022-08-21 21:44:21 --> Undefined array key "user_id"
#0 F:\SOFTWARES\htdocs\HMS\app\Views\SubWarden\dashboard\index.php(141): CodeIgniter\Debug\Exceptions->errorHandler(2, 'Undefined array...', 'F:\\SOFTWARES\\ht...', 141)
#1 F:\SOFTWARES\htdocs\HMS\system\View\View.php(210): include('F:\\SOFTWARES\\ht...')
#2 F:\SOFTWARES\htdocs\HMS\system\View\View.php(213): CodeIgniter\View\View->CodeIgniter\View\{closure}()
#3 F:\SOFTWARES\htdocs\HMS\system\Common.php(1089): CodeIgniter\View\View->render('SubWarden/dashb...', Array, true)
#4 F:\SOFTWARES\htdocs\HMS\app\Controllers\Subwarden_dashboard.php(339): view('SubWarden/dashb...')
#5 F:\SOFTWARES\htdocs\HMS\system\CodeIgniter.php(832): App\Controllers\Subwarden_Dashboard->prof()
#6 F:\SOFTWARES\htdocs\HMS\system\CodeIgniter.php(419): CodeIgniter\CodeIgniter->runController(Object(App\Controllers\Subwarden_Dashboard))
#7 F:\SOFTWARES\htdocs\HMS\system\CodeIgniter.php(326): CodeIgniter\CodeIgniter->handleRequest(NULL, Object(Config\Cache), false)
#8 F:\SOFTWARES\htdocs\HMS\index.php(37): CodeIgniter\CodeIgniter->run()
#9 {main}
CRITICAL - 2022-08-21 22:03:14 --> Undefined variable $gen
#0 F:\SOFTWARES\htdocs\HMS\app\Views\SubWarden\Rooms\rooms.php(118): CodeIgniter\Debug\Exceptions->errorHandler(2, 'Undefined varia...', 'F:\\SOFTWARES\\ht...', 118)
#1 F:\SOFTWARES\htdocs\HMS\system\View\View.php(210): include('F:\\SOFTWARES\\ht...')
#2 F:\SOFTWARES\htdocs\HMS\system\View\View.php(213): CodeIgniter\View\View->CodeIgniter\View\{closure}()
#3 F:\SOFTWARES\htdocs\HMS\system\Common.php(1089): CodeIgniter\View\View->render('SubWarden/Rooms...', Array, true)
#4 F:\SOFTWARES\htdocs\HMS\app\Controllers\SubWarden_Rooms.php(18): view('SubWarden/Rooms...')
#5 F:\SOFTWARES\htdocs\HMS\system\CodeIgniter.php(832): App\Controllers\SubWarden_Rooms->room()
#6 F:\SOFTWARES\htdocs\HMS\system\CodeIgniter.php(419): CodeIgniter\CodeIgniter->runController(Object(App\Controllers\SubWarden_Rooms))
#7 F:\SOFTWARES\htdocs\HMS\system\CodeIgniter.php(326): CodeIgniter\CodeIgniter->handleRequest(NULL, Object(Config\Cache), false)
#8 F:\SOFTWARES\htdocs\HMS\index.php(37): CodeIgniter\CodeIgniter->run()
#9 {main}
CRITICAL - 2022-08-21 22:12:52 --> Cannot use object of type mysqli as array
#0 F:\SOFTWARES\htdocs\HMS\system\CodeIgniter.php(832): App\Controllers\SubWarden_Rooms->getDetProgress()
#1 F:\SOFTWARES\htdocs\HMS\system\CodeIgniter.php(419): CodeIgniter\CodeIgniter->runController(Object(App\Controllers\SubWarden_Rooms))
#2 F:\SOFTWARES\htdocs\HMS\system\CodeIgniter.php(326): CodeIgniter\CodeIgniter->handleRequest(NULL, Object(Config\Cache), false)
#3 F:\SOFTWARES\htdocs\HMS\index.php(37): CodeIgniter\CodeIgniter->run()
#4 {main}
CRITICAL - 2022-08-21 22:13:37 --> Cannot use object of type mysqli as array
#0 F:\SOFTWARES\htdocs\HMS\system\CodeIgniter.php(832): App\Controllers\SubWarden_Rooms->getDetProgress()
#1 F:\SOFTWARES\htdocs\HMS\system\CodeIgniter.php(419): CodeIgniter\CodeIgniter->runController(Object(App\Controllers\SubWarden_Rooms))
#2 F:\SOFTWARES\htdocs\HMS\system\CodeIgniter.php(326): CodeIgniter\CodeIgniter->handleRequest(NULL, Object(Config\Cache), false)
#3 F:\SOFTWARES\htdocs\HMS\index.php(37): CodeIgniter\CodeIgniter->run()
#4 {main}
CRITICAL - 2022-08-21 22:35:50 --> Undefined array key "student_id"
#0 F:\SOFTWARES\htdocs\HMS\app\Views\Student\dashboard\index.php(94): CodeIgniter\Debug\Exceptions->errorHandler(2, 'Undefined array...', 'F:\\SOFTWARES\\ht...', 94)
#1 F:\SOFTWARES\htdocs\HMS\system\View\View.php(210): include('F:\\SOFTWARES\\ht...')
#2 F:\SOFTWARES\htdocs\HMS\system\View\View.php(213): CodeIgniter\View\View->CodeIgniter\View\{closure}()
#3 F:\SOFTWARES\htdocs\HMS\system\Common.php(1089): CodeIgniter\View\View->render('Student/dashboa...', Array, true)
#4 F:\SOFTWARES\htdocs\HMS\app\Controllers\Student_Dashboard.php(353): view('Student/dashboa...')
#5 F:\SOFTWARES\htdocs\HMS\system\CodeIgniter.php(832): App\Controllers\Student_Dashboard->profile()
#6 F:\SOFTWARES\htdocs\HMS\system\CodeIgniter.php(419): CodeIgniter\CodeIgniter->runController(Object(App\Controllers\Student_Dashboard))
#7 F:\SOFTWARES\htdocs\HMS\system\CodeIgniter.php(326): CodeIgniter\CodeIgniter->handleRequest(NULL, Object(Config\Cache), false)
#8 F:\SOFTWARES\htdocs\HMS\index.php(37): CodeIgniter\CodeIgniter->run()
#9 {main}
CRITICAL - 2022-08-21 22:36:19 --> Undefined array key "user_id"
#0 F:\SOFTWARES\htdocs\HMS\app\Views\SubWarden\Rooms\rooms.php(157): CodeIgniter\Debug\Exceptions->errorHandler(2, 'Undefined array...', 'F:\\SOFTWARES\\ht...', 157)
#1 F:\SOFTWARES\htdocs\HMS\system\View\View.php(210): include('F:\\SOFTWARES\\ht...')
#2 F:\SOFTWARES\htdocs\HMS\system\View\View.php(213): CodeIgniter\View\View->CodeIgniter\View\{closure}()
#3 F:\SOFTWARES\htdocs\HMS\system\Common.php(1089): CodeIgniter\View\View->render('SubWarden/Rooms...', Array, true)
#4 F:\SOFTWARES\htdocs\HMS\app\Controllers\SubWarden_Rooms.php(18): view('SubWarden/Rooms...')
#5 F:\SOFTWARES\htdocs\HMS\system\CodeIgniter.php(832): App\Controllers\SubWarden_Rooms->room()
#6 F:\SOFTWARES\htdocs\HMS\system\CodeIgniter.php(419): CodeIgniter\CodeIgniter->runController(Object(App\Controllers\SubWarden_Rooms))
#7 F:\SOFTWARES\htdocs\HMS\system\CodeIgniter.php(326): CodeIgniter\CodeIgniter->handleRequest(NULL, Object(Config\Cache), false)
#8 F:\SOFTWARES\htdocs\HMS\index.php(37): CodeIgniter\CodeIgniter->run()
#9 {main}
CRITICAL - 2022-08-21 23:17:47 --> Undefined array key "user_id"
#0 F:\SOFTWARES\htdocs\HMS\app\Views\SubWarden\Chat\chat.php(98): CodeIgniter\Debug\Exceptions->errorHandler(2, 'Undefined array...', 'F:\\SOFTWARES\\ht...', 98)
#1 F:\SOFTWARES\htdocs\HMS\system\View\View.php(210): include('F:\\SOFTWARES\\ht...')
#2 F:\SOFTWARES\htdocs\HMS\system\View\View.php(213): CodeIgniter\View\View->CodeIgniter\View\{closure}()
#3 F:\SOFTWARES\htdocs\HMS\system\Common.php(1089): CodeIgniter\View\View->render('SubWarden/Chat/...', Array, true)
#4 F:\SOFTWARES\htdocs\HMS\app\Controllers\Subwarden_dashboard.php(342): view('SubWarden/Chat/...')
#5 F:\SOFTWARES\htdocs\HMS\system\CodeIgniter.php(832): App\Controllers\Subwarden_Dashboard->chat()
#6 F:\SOFTWARES\htdocs\HMS\system\CodeIgniter.php(419): CodeIgniter\CodeIgniter->runController(Object(App\Controllers\Subwarden_Dashboard))
#7 F:\SOFTWARES\htdocs\HMS\system\CodeIgniter.php(326): CodeIgniter\CodeIgniter->handleRequest(NULL, Object(Config\Cache), false)
#8 F:\SOFTWARES\htdocs\HMS\index.php(37): CodeIgniter\CodeIgniter->run()
#9 {main}
CRITICAL - 2022-08-21 23:57:34 --> Undefined array key "student_id"
#0 F:\SOFTWARES\htdocs\HMS\app\Views\Student\Request\Leave_request.php(126): CodeIgniter\Debug\Exceptions->errorHandler(2, 'Undefined array...', 'F:\\SOFTWARES\\ht...', 126)
#1 F:\SOFTWARES\htdocs\HMS\system\View\View.php(210): include('F:\\SOFTWARES\\ht...')
#2 F:\SOFTWARES\htdocs\HMS\system\View\View.php(213): CodeIgniter\View\View->CodeIgniter\View\{closure}()
#3 F:\SOFTWARES\htdocs\HMS\system\Common.php(1089): CodeIgniter\View\View->render('Student/Request...', Array, true)
#4 F:\SOFTWARES\htdocs\HMS\app\Controllers\Student_leave_request.php(21): view('Student/Request...')
#5 F:\SOFTWARES\htdocs\HMS\system\CodeIgniter.php(832): App\Controllers\Student_leave_request->leave()
#6 F:\SOFTWARES\htdocs\HMS\system\CodeIgniter.php(419): CodeIgniter\CodeIgniter->runController(Object(App\Controllers\Student_leave_request))
#7 F:\SOFTWARES\htdocs\HMS\system\CodeIgniter.php(326): CodeIgniter\CodeIgniter->handleRequest(NULL, Object(Config\Cache), false)
#8 F:\SOFTWARES\htdocs\HMS\index.php(37): CodeIgniter\CodeIgniter->run()
#9 {main}
CRITICAL - 2022-08-21 23:58:09 --> Undefined array key "user_id"
#0 F:\SOFTWARES\htdocs\HMS\app\Views\SubWarden\Requests\request.php(88): CodeIgniter\Debug\Exceptions->errorHandler(2, 'Undefined array...', 'F:\\SOFTWARES\\ht...', 88)
#1 F:\SOFTWARES\htdocs\HMS\system\View\View.php(210): include('F:\\SOFTWARES\\ht...')
#2 F:\SOFTWARES\htdocs\HMS\system\View\View.php(213): CodeIgniter\View\View->CodeIgniter\View\{closure}()
#3 F:\SOFTWARES\htdocs\HMS\system\Common.php(1089): CodeIgniter\View\View->render('SubWarden/Reque...', Array, true)
#4 F:\SOFTWARES\htdocs\HMS\app\Controllers\SubWarden_Request.php(18): view('SubWarden/Reque...')
#5 F:\SOFTWARES\htdocs\HMS\system\CodeIgniter.php(832): App\Controllers\SubWarden_Request->index()
#6 F:\SOFTWARES\htdocs\HMS\system\CodeIgniter.php(419): CodeIgniter\CodeIgniter->runController(Object(App\Controllers\SubWarden_Request))
#7 F:\SOFTWARES\htdocs\HMS\system\CodeIgniter.php(326): CodeIgniter\CodeIgniter->handleRequest(NULL, Object(Config\Cache), false)
#8 F:\SOFTWARES\htdocs\HMS\index.php(37): CodeIgniter\CodeIgniter->run()
#9 {main}
