ERROR - 2022-05-23 04:32:23 --> Table 'security' is marked as crashed and should be repaired
CRITICAL - 2022-05-23 04:32:23 --> Call to a member function getResult() on bool
#0 F:\SOFTWARES\htdocs\HMS\system\BaseModel.php(584): CodeIgniter\Model->doFindAll(0, 0)
#1 F:\SOFTWARES\htdocs\HMS\app\Controllers\Warden_Chats.php(153): CodeIgniter\BaseModel->findAll()
#2 F:\SOFTWARES\htdocs\HMS\system\CodeIgniter.php(832): App\Controllers\Warden_Chats->getSecurity()
#3 F:\SOFTWARES\htdocs\HMS\system\CodeIgniter.php(419): CodeIgniter\CodeIgniter->runController(Object(App\Controllers\Warden_Chats))
#4 F:\SOFTWARES\htdocs\HMS\system\CodeIgniter.php(326): CodeIgniter\CodeIgniter->handleRequest(NULL, Object(Config\Cache), false)
#5 F:\SOFTWARES\htdocs\HMS\index.php(37): CodeIgniter\CodeIgniter->run()
#6 {main}
ERROR - 2022-05-23 04:32:53 --> Table 'security' is marked as crashed and should be repaired
CRITICAL - 2022-05-23 04:32:53 --> Call to a member function getResult() on bool
#0 F:\SOFTWARES\htdocs\HMS\system\BaseModel.php(584): CodeIgniter\Model->doFindAll(0, 0)
#1 F:\SOFTWARES\htdocs\HMS\app\Controllers\Warden_Chats.php(153): CodeIgniter\BaseModel->findAll()
#2 F:\SOFTWARES\htdocs\HMS\system\CodeIgniter.php(832): App\Controllers\Warden_Chats->getSecurity()
#3 F:\SOFTWARES\htdocs\HMS\system\CodeIgniter.php(419): CodeIgniter\CodeIgniter->runController(Object(App\Controllers\Warden_Chats))
#4 F:\SOFTWARES\htdocs\HMS\system\CodeIgniter.php(326): CodeIgniter\CodeIgniter->handleRequest(NULL, Object(Config\Cache), false)
#5 F:\SOFTWARES\htdocs\HMS\index.php(37): CodeIgniter\CodeIgniter->run()
#6 {main}
CRITICAL - 2022-05-23 04:49:53 --> Undefined array key "user_id"
#0 F:\SOFTWARES\htdocs\HMS\app\Views\Warden\Notice\notice.php(87): CodeIgniter\Debug\Exceptions->errorHandler(2, 'Undefined array...', 'F:\\SOFTWARES\\ht...', 87)
#1 F:\SOFTWARES\htdocs\HMS\system\View\View.php(210): include('F:\\SOFTWARES\\ht...')
#2 F:\SOFTWARES\htdocs\HMS\system\View\View.php(213): CodeIgniter\View\View->CodeIgniter\View\{closure}()
#3 F:\SOFTWARES\htdocs\HMS\system\Common.php(1089): CodeIgniter\View\View->render('Warden/Notice/n...', Array, true)
#4 F:\SOFTWARES\htdocs\HMS\app\Controllers\Warden_Notices.php(10): view('Warden/Notice/n...')
#5 F:\SOFTWARES\htdocs\HMS\system\CodeIgniter.php(832): App\Controllers\Warden_Notices->index()
#6 F:\SOFTWARES\htdocs\HMS\system\CodeIgniter.php(419): CodeIgniter\CodeIgniter->runController(Object(App\Controllers\Warden_Notices))
#7 F:\SOFTWARES\htdocs\HMS\system\CodeIgniter.php(326): CodeIgniter\CodeIgniter->handleRequest(NULL, Object(Config\Cache), false)
#8 F:\SOFTWARES\htdocs\HMS\index.php(37): CodeIgniter\CodeIgniter->run()
#9 {main}
ERROR - 2022-05-23 05:38:03 --> Table 'security' is marked as crashed and should be repaired
CRITICAL - 2022-05-23 05:38:03 --> Call to a member function getResult() on bool
#0 F:\SOFTWARES\htdocs\HMS\system\BaseModel.php(584): CodeIgniter\Model->doFindAll(0, 0)
#1 F:\SOFTWARES\htdocs\HMS\app\Controllers\Subwarden_chats.php(88): CodeIgniter\BaseModel->findAll()
#2 F:\SOFTWARES\htdocs\HMS\system\CodeIgniter.php(832): App\Controllers\Subwarden_Chats->getSecurity()
#3 F:\SOFTWARES\htdocs\HMS\system\CodeIgniter.php(419): CodeIgniter\CodeIgniter->runController(Object(App\Controllers\Subwarden_Chats))
#4 F:\SOFTWARES\htdocs\HMS\system\CodeIgniter.php(326): CodeIgniter\CodeIgniter->handleRequest(NULL, Object(Config\Cache), false)
#5 F:\SOFTWARES\htdocs\HMS\index.php(37): CodeIgniter\CodeIgniter->run()
#6 {main}
ERROR - 2022-05-23 07:35:32 --> Table 'security' is marked as crashed and should be repaired
CRITICAL - 2022-05-23 07:35:32 --> Call to a member function getResult() on bool
#0 F:\SOFTWARES\htdocs\HMS\system\BaseModel.php(584): CodeIgniter\Model->doFindAll(0, 0)
#1 F:\SOFTWARES\htdocs\HMS\app\Controllers\Subwarden_chats.php(88): CodeIgniter\BaseModel->findAll()
#2 F:\SOFTWARES\htdocs\HMS\system\CodeIgniter.php(832): App\Controllers\Subwarden_Chats->getSecurity()
#3 F:\SOFTWARES\htdocs\HMS\system\CodeIgniter.php(419): CodeIgniter\CodeIgniter->runController(Object(App\Controllers\Subwarden_Chats))
#4 F:\SOFTWARES\htdocs\HMS\system\CodeIgniter.php(326): CodeIgniter\CodeIgniter->handleRequest(NULL, Object(Config\Cache), false)
#5 F:\SOFTWARES\htdocs\HMS\index.php(37): CodeIgniter\CodeIgniter->run()
#6 {main}
