CRITICAL - 2022-04-13 01:20:24 --> There is no data to update.
#0 F:\SOFTWARES\htdocs\HMS\system\BaseModel.php(1574): CodeIgniter\Database\Exceptions\DataException::forEmptyDataset('update')
#1 F:\SOFTWARES\htdocs\HMS\system\BaseModel.php(832): CodeIgniter\BaseModel->transformDataToArray(NULL, 'update')
#2 F:\SOFTWARES\htdocs\HMS\system\Model.php(651): CodeIgniter\BaseModel->update(Array, NULL)
#3 F:\SOFTWARES\htdocs\HMS\app\Controllers\Warden_Dashboard.php(197): CodeIgniter\Model->update(Array)
#4 F:\SOFTWARES\htdocs\HMS\system\CodeIgniter.php(832): App\Controllers\Warden_Dashboard->update_user()
#5 F:\SOFTWARES\htdocs\HMS\system\CodeIgniter.php(419): CodeIgniter\CodeIgniter->runController(Object(App\Controllers\Warden_Dashboard))
#6 F:\SOFTWARES\htdocs\HMS\system\CodeIgniter.php(326): CodeIgniter\CodeIgniter->handleRequest(NULL, Object(Config\Cache), false)
#7 F:\SOFTWARES\htdocs\HMS\index.php(37): CodeIgniter\CodeIgniter->run()
#8 {main}
CRITICAL - 2022-04-13 04:27:43 --> Undefined array key "user_id"
#0 F:\SOFTWARES\htdocs\HMS\app\Views\Warden\dashboard\index.php(69): CodeIgniter\Debug\Exceptions->errorHandler(2, 'Undefined array...', 'F:\\SOFTWARES\\ht...', 69)
#1 F:\SOFTWARES\htdocs\HMS\system\View\View.php(210): include('F:\\SOFTWARES\\ht...')
#2 F:\SOFTWARES\htdocs\HMS\system\View\View.php(213): CodeIgniter\View\View->CodeIgniter\View\{closure}()
#3 F:\SOFTWARES\htdocs\HMS\system\Common.php(1089): CodeIgniter\View\View->render('Warden/dashboar...', Array, true)
#4 F:\SOFTWARES\htdocs\HMS\app\Controllers\Warden_Dashboard.php(16): view('Warden/dashboar...')
#5 F:\SOFTWARES\htdocs\HMS\system\CodeIgniter.php(832): App\Controllers\Warden_Dashboard->index()
#6 F:\SOFTWARES\htdocs\HMS\system\CodeIgniter.php(419): CodeIgniter\CodeIgniter->runController(Object(App\Controllers\Warden_Dashboard))
#7 F:\SOFTWARES\htdocs\HMS\system\CodeIgniter.php(326): CodeIgniter\CodeIgniter->handleRequest(NULL, Object(Config\Cache), false)
#8 F:\SOFTWARES\htdocs\HMS\index.php(37): CodeIgniter\CodeIgniter->run()
#9 {main}
CRITICAL - 2022-04-13 11:51:30 --> Undefined array key "user_id"
#0 F:\SOFTWARES\htdocs\HMS\app\Views\Warden\dashboard\index.php(70): CodeIgniter\Debug\Exceptions->errorHandler(2, 'Undefined array...', 'F:\\SOFTWARES\\ht...', 70)
#1 F:\SOFTWARES\htdocs\HMS\system\View\View.php(210): include('F:\\SOFTWARES\\ht...')
#2 F:\SOFTWARES\htdocs\HMS\system\View\View.php(213): CodeIgniter\View\View->CodeIgniter\View\{closure}()
#3 F:\SOFTWARES\htdocs\HMS\system\Common.php(1089): CodeIgniter\View\View->render('Warden/dashboar...', Array, true)
#4 F:\SOFTWARES\htdocs\HMS\app\Controllers\Warden_Dashboard.php(17): view('Warden/dashboar...')
#5 F:\SOFTWARES\htdocs\HMS\system\CodeIgniter.php(832): App\Controllers\Warden_Dashboard->index()
#6 F:\SOFTWARES\htdocs\HMS\system\CodeIgniter.php(419): CodeIgniter\CodeIgniter->runController(Object(App\Controllers\Warden_Dashboard))
#7 F:\SOFTWARES\htdocs\HMS\system\CodeIgniter.php(326): CodeIgniter\CodeIgniter->handleRequest(NULL, Object(Config\Cache), false)
#8 F:\SOFTWARES\htdocs\HMS\index.php(37): CodeIgniter\CodeIgniter->run()
#9 {main}
CRITICAL - 2022-04-13 16:35:51 --> Undefined array key "user_id"
#0 F:\SOFTWARES\htdocs\HMS\app\Views\Warden\Complaints\complaints.php(88): CodeIgniter\Debug\Exceptions->errorHandler(2, 'Undefined array...', 'F:\\SOFTWARES\\ht...', 88)
#1 F:\SOFTWARES\htdocs\HMS\system\View\View.php(210): include('F:\\SOFTWARES\\ht...')
#2 F:\SOFTWARES\htdocs\HMS\system\View\View.php(213): CodeIgniter\View\View->CodeIgniter\View\{closure}()
#3 F:\SOFTWARES\htdocs\HMS\system\Common.php(1089): CodeIgniter\View\View->render('Warden/Complain...', Array, true)
#4 F:\SOFTWARES\htdocs\HMS\app\Controllers\Warden_Complaints.php(13): view('Warden/Complain...')
#5 F:\SOFTWARES\htdocs\HMS\system\CodeIgniter.php(832): App\Controllers\Warden_Complaints->index()
#6 F:\SOFTWARES\htdocs\HMS\system\CodeIgniter.php(419): CodeIgniter\CodeIgniter->runController(Object(App\Controllers\Warden_Complaints))
#7 F:\SOFTWARES\htdocs\HMS\system\CodeIgniter.php(326): CodeIgniter\CodeIgniter->handleRequest(NULL, Object(Config\Cache), false)
#8 F:\SOFTWARES\htdocs\HMS\index.php(37): CodeIgniter\CodeIgniter->run()
#9 {main}
