CRITICAL - 2022-07-02 11:59:11 --> Cannot redeclare App\Controllers\admin_Dashboard::index()
#0 [internal function]: CodeIgniter\Debug\Exceptions->shutdownHandler()
#1 {main}
CRITICAL - 2022-07-02 12:04:16 --> Class "App\Models\dean_model" not found
#0 C:\xampp\htdocs\HMS\system\CodeIgniter.php(832): App\Controllers\admin_Dashboard->getData()
#1 C:\xampp\htdocs\HMS\system\CodeIgniter.php(419): CodeIgniter\CodeIgniter->runController(Object(App\Controllers\admin_Dashboard))
#2 C:\xampp\htdocs\HMS\system\CodeIgniter.php(326): CodeIgniter\CodeIgniter->handleRequest(NULL, Object(Config\Cache), false)
#3 C:\xampp\htdocs\HMS\index.php(37): CodeIgniter\CodeIgniter->run()
#4 {main}
CRITICAL - 2022-07-02 12:05:45 --> Undefined array key "image_path"
#0 C:\xampp\htdocs\HMS\app\Views\HomePage\gallery\gallery.php(24): CodeIgniter\Debug\Exceptions->errorHandler(2, 'Undefined array...', 'C:\\xampp\\htdocs...', 24)
#1 C:\xampp\htdocs\HMS\system\View\View.php(210): include('C:\\xampp\\htdocs...')
#2 C:\xampp\htdocs\HMS\system\View\View.php(213): CodeIgniter\View\View->CodeIgniter\View\{closure}()
#3 C:\xampp\htdocs\HMS\system\Common.php(1089): CodeIgniter\View\View->render('HomePage/galler...', Array, true)
#4 C:\xampp\htdocs\HMS\app\Controllers\Home.php(24): view('HomePage/galler...', Array)
#5 C:\xampp\htdocs\HMS\system\CodeIgniter.php(832): App\Controllers\Home->gallery()
#6 C:\xampp\htdocs\HMS\system\CodeIgniter.php(419): CodeIgniter\CodeIgniter->runController(Object(App\Controllers\Home))
#7 C:\xampp\htdocs\HMS\system\CodeIgniter.php(326): CodeIgniter\CodeIgniter->handleRequest(NULL, Object(Config\Cache), false)
#8 C:\xampp\htdocs\HMS\index.php(37): CodeIgniter\CodeIgniter->run()
#9 {main}
CRITICAL - 2022-07-02 12:05:56 --> Undefined array key "image_path"
#0 C:\xampp\htdocs\HMS\app\Views\HomePage\gallery\gallery.php(24): CodeIgniter\Debug\Exceptions->errorHandler(2, 'Undefined array...', 'C:\\xampp\\htdocs...', 24)
#1 C:\xampp\htdocs\HMS\system\View\View.php(210): include('C:\\xampp\\htdocs...')
#2 C:\xampp\htdocs\HMS\system\View\View.php(213): CodeIgniter\View\View->CodeIgniter\View\{closure}()
#3 C:\xampp\htdocs\HMS\system\Common.php(1089): CodeIgniter\View\View->render('HomePage/galler...', Array, true)
#4 C:\xampp\htdocs\HMS\app\Controllers\Home.php(24): view('HomePage/galler...', Array)
#5 C:\xampp\htdocs\HMS\system\CodeIgniter.php(832): App\Controllers\Home->gallery()
#6 C:\xampp\htdocs\HMS\system\CodeIgniter.php(419): CodeIgniter\CodeIgniter->runController(Object(App\Controllers\Home))
#7 C:\xampp\htdocs\HMS\system\CodeIgniter.php(326): CodeIgniter\CodeIgniter->handleRequest(NULL, Object(Config\Cache), false)
#8 C:\xampp\htdocs\HMS\index.php(37): CodeIgniter\CodeIgniter->run()
#9 {main}
CRITICAL - 2022-07-02 12:06:35 --> Undefined array key "user_id"
#0 C:\xampp\htdocs\HMS\app\Views\Warden\Complaints\complaints.php(82): CodeIgniter\Debug\Exceptions->errorHandler(2, 'Undefined array...', 'C:\\xampp\\htdocs...', 82)
#1 C:\xampp\htdocs\HMS\system\View\View.php(210): include('C:\\xampp\\htdocs...')
#2 C:\xampp\htdocs\HMS\system\View\View.php(213): CodeIgniter\View\View->CodeIgniter\View\{closure}()
#3 C:\xampp\htdocs\HMS\system\Common.php(1089): CodeIgniter\View\View->render('Warden/Complain...', Array, true)
#4 C:\xampp\htdocs\HMS\app\Controllers\Warden_Complaints.php(13): view('Warden/Complain...')
#5 C:\xampp\htdocs\HMS\system\CodeIgniter.php(832): App\Controllers\Warden_Complaints->index()
#6 C:\xampp\htdocs\HMS\system\CodeIgniter.php(419): CodeIgniter\CodeIgniter->runController(Object(App\Controllers\Warden_Complaints))
#7 C:\xampp\htdocs\HMS\system\CodeIgniter.php(326): CodeIgniter\CodeIgniter->handleRequest(NULL, Object(Config\Cache), false)
#8 C:\xampp\htdocs\HMS\index.php(37): CodeIgniter\CodeIgniter->run()
#9 {main}
CRITICAL - 2022-07-02 12:06:58 --> Undefined array key "image_path"
#0 C:\xampp\htdocs\HMS\app\Views\HomePage\gallery\gallery.php(24): CodeIgniter\Debug\Exceptions->errorHandler(2, 'Undefined array...', 'C:\\xampp\\htdocs...', 24)
#1 C:\xampp\htdocs\HMS\system\View\View.php(210): include('C:\\xampp\\htdocs...')
#2 C:\xampp\htdocs\HMS\system\View\View.php(213): CodeIgniter\View\View->CodeIgniter\View\{closure}()
#3 C:\xampp\htdocs\HMS\system\Common.php(1089): CodeIgniter\View\View->render('HomePage/galler...', Array, true)
#4 C:\xampp\htdocs\HMS\app\Controllers\Home.php(24): view('HomePage/galler...', Array)
#5 C:\xampp\htdocs\HMS\system\CodeIgniter.php(832): App\Controllers\Home->gallery()
#6 C:\xampp\htdocs\HMS\system\CodeIgniter.php(419): CodeIgniter\CodeIgniter->runController(Object(App\Controllers\Home))
#7 C:\xampp\htdocs\HMS\system\CodeIgniter.php(326): CodeIgniter\CodeIgniter->handleRequest(NULL, Object(Config\Cache), false)
#8 C:\xampp\htdocs\HMS\index.php(37): CodeIgniter\CodeIgniter->run()
#9 {main}
CRITICAL - 2022-07-02 12:09:32 --> Undefined array key "image_path"
#0 C:\xampp\htdocs\HMS\app\Views\HomePage\gallery\gallery.php(24): CodeIgniter\Debug\Exceptions->errorHandler(2, 'Undefined array...', 'C:\\xampp\\htdocs...', 24)
#1 C:\xampp\htdocs\HMS\system\View\View.php(210): include('C:\\xampp\\htdocs...')
#2 C:\xampp\htdocs\HMS\system\View\View.php(213): CodeIgniter\View\View->CodeIgniter\View\{closure}()
#3 C:\xampp\htdocs\HMS\system\Common.php(1089): CodeIgniter\View\View->render('HomePage/galler...', Array, true)
#4 C:\xampp\htdocs\HMS\app\Controllers\Home.php(24): view('HomePage/galler...', Array)
#5 C:\xampp\htdocs\HMS\system\CodeIgniter.php(832): App\Controllers\Home->gallery()
#6 C:\xampp\htdocs\HMS\system\CodeIgniter.php(419): CodeIgniter\CodeIgniter->runController(Object(App\Controllers\Home))
#7 C:\xampp\htdocs\HMS\system\CodeIgniter.php(326): CodeIgniter\CodeIgniter->handleRequest(NULL, Object(Config\Cache), false)
#8 C:\xampp\htdocs\HMS\index.php(37): CodeIgniter\CodeIgniter->run()
#9 {main}
CRITICAL - 2022-07-02 12:09:33 --> Undefined array key "image_path"
#0 C:\xampp\htdocs\HMS\app\Views\HomePage\gallery\gallery.php(24): CodeIgniter\Debug\Exceptions->errorHandler(2, 'Undefined array...', 'C:\\xampp\\htdocs...', 24)
#1 C:\xampp\htdocs\HMS\system\View\View.php(210): include('C:\\xampp\\htdocs...')
#2 C:\xampp\htdocs\HMS\system\View\View.php(213): CodeIgniter\View\View->CodeIgniter\View\{closure}()
#3 C:\xampp\htdocs\HMS\system\Common.php(1089): CodeIgniter\View\View->render('HomePage/galler...', Array, true)
#4 C:\xampp\htdocs\HMS\app\Controllers\Home.php(24): view('HomePage/galler...', Array)
#5 C:\xampp\htdocs\HMS\system\CodeIgniter.php(832): App\Controllers\Home->gallery()
#6 C:\xampp\htdocs\HMS\system\CodeIgniter.php(419): CodeIgniter\CodeIgniter->runController(Object(App\Controllers\Home))
#7 C:\xampp\htdocs\HMS\system\CodeIgniter.php(326): CodeIgniter\CodeIgniter->handleRequest(NULL, Object(Config\Cache), false)
#8 C:\xampp\htdocs\HMS\index.php(37): CodeIgniter\CodeIgniter->run()
#9 {main}
CRITICAL - 2022-07-02 12:11:29 --> Undefined array key "user_id"
#0 C:\xampp\htdocs\HMS\app\Views\Warden\Complaints\complaints.php(82): CodeIgniter\Debug\Exceptions->errorHandler(2, 'Undefined array...', 'C:\\xampp\\htdocs...', 82)
#1 C:\xampp\htdocs\HMS\system\View\View.php(210): include('C:\\xampp\\htdocs...')
#2 C:\xampp\htdocs\HMS\system\View\View.php(213): CodeIgniter\View\View->CodeIgniter\View\{closure}()
#3 C:\xampp\htdocs\HMS\system\Common.php(1089): CodeIgniter\View\View->render('Warden/Complain...', Array, true)
#4 C:\xampp\htdocs\HMS\app\Controllers\Warden_Complaints.php(13): view('Warden/Complain...')
#5 C:\xampp\htdocs\HMS\system\CodeIgniter.php(832): App\Controllers\Warden_Complaints->index()
#6 C:\xampp\htdocs\HMS\system\CodeIgniter.php(419): CodeIgniter\CodeIgniter->runController(Object(App\Controllers\Warden_Complaints))
#7 C:\xampp\htdocs\HMS\system\CodeIgniter.php(326): CodeIgniter\CodeIgniter->handleRequest(NULL, Object(Config\Cache), false)
#8 C:\xampp\htdocs\HMS\index.php(37): CodeIgniter\CodeIgniter->run()
#9 {main}
CRITICAL - 2022-07-02 23:27:58 --> Class "App\Models\dean_model" not found
#0 C:\xampp\htdocs\HMS\system\CodeIgniter.php(832): App\Controllers\admin_Dashboard->getData()
#1 C:\xampp\htdocs\HMS\system\CodeIgniter.php(419): CodeIgniter\CodeIgniter->runController(Object(App\Controllers\admin_Dashboard))
#2 C:\xampp\htdocs\HMS\system\CodeIgniter.php(326): CodeIgniter\CodeIgniter->handleRequest(NULL, Object(Config\Cache), false)
#3 C:\xampp\htdocs\HMS\index.php(37): CodeIgniter\CodeIgniter->run()
#4 {main}
CRITICAL - 2022-07-02 23:28:10 --> Undefined array key "user_id"
#0 C:\xampp\htdocs\HMS\app\Views\Warden\Complaints\complaints.php(82): CodeIgniter\Debug\Exceptions->errorHandler(2, 'Undefined array...', 'C:\\xampp\\htdocs...', 82)
#1 C:\xampp\htdocs\HMS\system\View\View.php(210): include('C:\\xampp\\htdocs...')
#2 C:\xampp\htdocs\HMS\system\View\View.php(213): CodeIgniter\View\View->CodeIgniter\View\{closure}()
#3 C:\xampp\htdocs\HMS\system\Common.php(1089): CodeIgniter\View\View->render('Warden/Complain...', Array, true)
#4 C:\xampp\htdocs\HMS\app\Controllers\Warden_Complaints.php(13): view('Warden/Complain...')
#5 C:\xampp\htdocs\HMS\system\CodeIgniter.php(832): App\Controllers\Warden_Complaints->index()
#6 C:\xampp\htdocs\HMS\system\CodeIgniter.php(419): CodeIgniter\CodeIgniter->runController(Object(App\Controllers\Warden_Complaints))
#7 C:\xampp\htdocs\HMS\system\CodeIgniter.php(326): CodeIgniter\CodeIgniter->handleRequest(NULL, Object(Config\Cache), false)
#8 C:\xampp\htdocs\HMS\index.php(37): CodeIgniter\CodeIgniter->run()
#9 {main}
CRITICAL - 2022-07-02 23:28:32 --> Undefined array key "user_id"
#0 C:\xampp\htdocs\HMS\app\Views\Warden\Complaints\complaints.php(82): CodeIgniter\Debug\Exceptions->errorHandler(2, 'Undefined array...', 'C:\\xampp\\htdocs...', 82)
#1 C:\xampp\htdocs\HMS\system\View\View.php(210): include('C:\\xampp\\htdocs...')
#2 C:\xampp\htdocs\HMS\system\View\View.php(213): CodeIgniter\View\View->CodeIgniter\View\{closure}()
#3 C:\xampp\htdocs\HMS\system\Common.php(1089): CodeIgniter\View\View->render('Warden/Complain...', Array, true)
#4 C:\xampp\htdocs\HMS\app\Controllers\Warden_Complaints.php(13): view('Warden/Complain...')
#5 C:\xampp\htdocs\HMS\system\CodeIgniter.php(832): App\Controllers\Warden_Complaints->index()
#6 C:\xampp\htdocs\HMS\system\CodeIgniter.php(419): CodeIgniter\CodeIgniter->runController(Object(App\Controllers\Warden_Complaints))
#7 C:\xampp\htdocs\HMS\system\CodeIgniter.php(326): CodeIgniter\CodeIgniter->handleRequest(NULL, Object(Config\Cache), false)
#8 C:\xampp\htdocs\HMS\index.php(37): CodeIgniter\CodeIgniter->run()
#9 {main}
CRITICAL - 2022-07-02 23:39:37 --> Undefined array key "user_id"
#0 C:\xampp\htdocs\HMS\app\Views\Warden\Complaints\complaints.php(82): CodeIgniter\Debug\Exceptions->errorHandler(2, 'Undefined array...', 'C:\\xampp\\htdocs...', 82)
#1 C:\xampp\htdocs\HMS\system\View\View.php(210): include('C:\\xampp\\htdocs...')
#2 C:\xampp\htdocs\HMS\system\View\View.php(213): CodeIgniter\View\View->CodeIgniter\View\{closure}()
#3 C:\xampp\htdocs\HMS\system\Common.php(1089): CodeIgniter\View\View->render('Warden/Complain...', Array, true)
#4 C:\xampp\htdocs\HMS\app\Controllers\Warden_Complaints.php(13): view('Warden/Complain...')
#5 C:\xampp\htdocs\HMS\system\CodeIgniter.php(832): App\Controllers\Warden_Complaints->index()
#6 C:\xampp\htdocs\HMS\system\CodeIgniter.php(419): CodeIgniter\CodeIgniter->runController(Object(App\Controllers\Warden_Complaints))
#7 C:\xampp\htdocs\HMS\system\CodeIgniter.php(326): CodeIgniter\CodeIgniter->handleRequest(NULL, Object(Config\Cache), false)
#8 C:\xampp\htdocs\HMS\index.php(37): CodeIgniter\CodeIgniter->run()
#9 {main}
CRITICAL - 2022-07-02 23:39:44 --> Undefined array key "image_path"
#0 C:\xampp\htdocs\HMS\app\Views\HomePage\gallery\gallery.php(24): CodeIgniter\Debug\Exceptions->errorHandler(2, 'Undefined array...', 'C:\\xampp\\htdocs...', 24)
#1 C:\xampp\htdocs\HMS\system\View\View.php(210): include('C:\\xampp\\htdocs...')
#2 C:\xampp\htdocs\HMS\system\View\View.php(213): CodeIgniter\View\View->CodeIgniter\View\{closure}()
#3 C:\xampp\htdocs\HMS\system\Common.php(1089): CodeIgniter\View\View->render('HomePage/galler...', Array, true)
#4 C:\xampp\htdocs\HMS\app\Controllers\Home.php(25): view('HomePage/galler...', Array)
#5 C:\xampp\htdocs\HMS\system\CodeIgniter.php(832): App\Controllers\Home->gallery()
#6 C:\xampp\htdocs\HMS\system\CodeIgniter.php(419): CodeIgniter\CodeIgniter->runController(Object(App\Controllers\Home))
#7 C:\xampp\htdocs\HMS\system\CodeIgniter.php(326): CodeIgniter\CodeIgniter->handleRequest(NULL, Object(Config\Cache), false)
#8 C:\xampp\htdocs\HMS\index.php(37): CodeIgniter\CodeIgniter->run()
#9 {main}
CRITICAL - 2022-07-02 23:43:05 --> Undefined array key "image_path"
#0 C:\xampp\htdocs\HMS\app\Views\HomePage\gallery\gallery.php(24): CodeIgniter\Debug\Exceptions->errorHandler(2, 'Undefined array...', 'C:\\xampp\\htdocs...', 24)
#1 C:\xampp\htdocs\HMS\system\View\View.php(210): include('C:\\xampp\\htdocs...')
#2 C:\xampp\htdocs\HMS\system\View\View.php(213): CodeIgniter\View\View->CodeIgniter\View\{closure}()
#3 C:\xampp\htdocs\HMS\system\Common.php(1089): CodeIgniter\View\View->render('HomePage/galler...', Array, true)
#4 C:\xampp\htdocs\HMS\app\Controllers\Home.php(25): view('HomePage/galler...', Array)
#5 C:\xampp\htdocs\HMS\system\CodeIgniter.php(832): App\Controllers\Home->gallery()
#6 C:\xampp\htdocs\HMS\system\CodeIgniter.php(419): CodeIgniter\CodeIgniter->runController(Object(App\Controllers\Home))
#7 C:\xampp\htdocs\HMS\system\CodeIgniter.php(326): CodeIgniter\CodeIgniter->handleRequest(NULL, Object(Config\Cache), false)
#8 C:\xampp\htdocs\HMS\index.php(37): CodeIgniter\CodeIgniter->run()
#9 {main}
CRITICAL - 2022-07-02 23:43:51 --> Undefined array key "image_path"
#0 C:\xampp\htdocs\HMS\app\Views\HomePage\gallery\gallery.php(24): CodeIgniter\Debug\Exceptions->errorHandler(2, 'Undefined array...', 'C:\\xampp\\htdocs...', 24)
#1 C:\xampp\htdocs\HMS\system\View\View.php(210): include('C:\\xampp\\htdocs...')
#2 C:\xampp\htdocs\HMS\system\View\View.php(213): CodeIgniter\View\View->CodeIgniter\View\{closure}()
#3 C:\xampp\htdocs\HMS\system\Common.php(1089): CodeIgniter\View\View->render('HomePage/galler...', Array, true)
#4 C:\xampp\htdocs\HMS\app\Controllers\Home.php(25): view('HomePage/galler...', Array)
#5 C:\xampp\htdocs\HMS\system\CodeIgniter.php(832): App\Controllers\Home->gallery()
#6 C:\xampp\htdocs\HMS\system\CodeIgniter.php(419): CodeIgniter\CodeIgniter->runController(Object(App\Controllers\Home))
#7 C:\xampp\htdocs\HMS\system\CodeIgniter.php(326): CodeIgniter\CodeIgniter->handleRequest(NULL, Object(Config\Cache), false)
#8 C:\xampp\htdocs\HMS\index.php(37): CodeIgniter\CodeIgniter->run()
#9 {main}
CRITICAL - 2022-07-02 23:43:52 --> Undefined array key "image_path"
#0 C:\xampp\htdocs\HMS\app\Views\HomePage\gallery\gallery.php(24): CodeIgniter\Debug\Exceptions->errorHandler(2, 'Undefined array...', 'C:\\xampp\\htdocs...', 24)
#1 C:\xampp\htdocs\HMS\system\View\View.php(210): include('C:\\xampp\\htdocs...')
#2 C:\xampp\htdocs\HMS\system\View\View.php(213): CodeIgniter\View\View->CodeIgniter\View\{closure}()
#3 C:\xampp\htdocs\HMS\system\Common.php(1089): CodeIgniter\View\View->render('HomePage/galler...', Array, true)
#4 C:\xampp\htdocs\HMS\app\Controllers\Home.php(25): view('HomePage/galler...', Array)
#5 C:\xampp\htdocs\HMS\system\CodeIgniter.php(832): App\Controllers\Home->gallery()
#6 C:\xampp\htdocs\HMS\system\CodeIgniter.php(419): CodeIgniter\CodeIgniter->runController(Object(App\Controllers\Home))
#7 C:\xampp\htdocs\HMS\system\CodeIgniter.php(326): CodeIgniter\CodeIgniter->handleRequest(NULL, Object(Config\Cache), false)
#8 C:\xampp\htdocs\HMS\index.php(37): CodeIgniter\CodeIgniter->run()
#9 {main}
CRITICAL - 2022-07-02 23:43:52 --> Undefined array key "image_path"
#0 C:\xampp\htdocs\HMS\app\Views\HomePage\gallery\gallery.php(24): CodeIgniter\Debug\Exceptions->errorHandler(2, 'Undefined array...', 'C:\\xampp\\htdocs...', 24)
#1 C:\xampp\htdocs\HMS\system\View\View.php(210): include('C:\\xampp\\htdocs...')
#2 C:\xampp\htdocs\HMS\system\View\View.php(213): CodeIgniter\View\View->CodeIgniter\View\{closure}()
#3 C:\xampp\htdocs\HMS\system\Common.php(1089): CodeIgniter\View\View->render('HomePage/galler...', Array, true)
#4 C:\xampp\htdocs\HMS\app\Controllers\Home.php(25): view('HomePage/galler...', Array)
#5 C:\xampp\htdocs\HMS\system\CodeIgniter.php(832): App\Controllers\Home->gallery()
#6 C:\xampp\htdocs\HMS\system\CodeIgniter.php(419): CodeIgniter\CodeIgniter->runController(Object(App\Controllers\Home))
#7 C:\xampp\htdocs\HMS\system\CodeIgniter.php(326): CodeIgniter\CodeIgniter->handleRequest(NULL, Object(Config\Cache), false)
#8 C:\xampp\htdocs\HMS\index.php(37): CodeIgniter\CodeIgniter->run()
#9 {main}
CRITICAL - 2022-07-02 23:43:53 --> Undefined array key "image_path"
#0 C:\xampp\htdocs\HMS\app\Views\HomePage\gallery\gallery.php(24): CodeIgniter\Debug\Exceptions->errorHandler(2, 'Undefined array...', 'C:\\xampp\\htdocs...', 24)
#1 C:\xampp\htdocs\HMS\system\View\View.php(210): include('C:\\xampp\\htdocs...')
#2 C:\xampp\htdocs\HMS\system\View\View.php(213): CodeIgniter\View\View->CodeIgniter\View\{closure}()
#3 C:\xampp\htdocs\HMS\system\Common.php(1089): CodeIgniter\View\View->render('HomePage/galler...', Array, true)
#4 C:\xampp\htdocs\HMS\app\Controllers\Home.php(25): view('HomePage/galler...', Array)
#5 C:\xampp\htdocs\HMS\system\CodeIgniter.php(832): App\Controllers\Home->gallery()
#6 C:\xampp\htdocs\HMS\system\CodeIgniter.php(419): CodeIgniter\CodeIgniter->runController(Object(App\Controllers\Home))
#7 C:\xampp\htdocs\HMS\system\CodeIgniter.php(326): CodeIgniter\CodeIgniter->handleRequest(NULL, Object(Config\Cache), false)
#8 C:\xampp\htdocs\HMS\index.php(37): CodeIgniter\CodeIgniter->run()
#9 {main}
CRITICAL - 2022-07-02 23:48:17 --> Invalid file: HomePage/gallery/gallery.php
#0 C:\xampp\htdocs\HMS\system\View\View.php(198): CodeIgniter\Exceptions\FrameworkException::forInvalidFile('HomePage/galler...')
#1 C:\xampp\htdocs\HMS\system\Common.php(1089): CodeIgniter\View\View->render('HomePage/galler...', Array, true)
#2 C:\xampp\htdocs\HMS\app\Controllers\Home.php(25): view('HomePage/galler...', Array)
#3 C:\xampp\htdocs\HMS\system\CodeIgniter.php(832): App\Controllers\Home->gallery()
#4 C:\xampp\htdocs\HMS\system\CodeIgniter.php(419): CodeIgniter\CodeIgniter->runController(Object(App\Controllers\Home))
#5 C:\xampp\htdocs\HMS\system\CodeIgniter.php(326): CodeIgniter\CodeIgniter->handleRequest(NULL, Object(Config\Cache), false)
#6 C:\xampp\htdocs\HMS\index.php(37): CodeIgniter\CodeIgniter->run()
#7 {main}
CRITICAL - 2022-07-02 23:48:52 --> Invalid file: HomePage/gallery/gallery.php
#0 C:\xampp\htdocs\HMS\system\View\View.php(198): CodeIgniter\Exceptions\FrameworkException::forInvalidFile('HomePage/galler...')
#1 C:\xampp\htdocs\HMS\system\Common.php(1089): CodeIgniter\View\View->render('HomePage/galler...', Array, true)
#2 C:\xampp\htdocs\HMS\app\Controllers\Home.php(25): view('HomePage/galler...', Array)
#3 C:\xampp\htdocs\HMS\system\CodeIgniter.php(832): App\Controllers\Home->gallery()
#4 C:\xampp\htdocs\HMS\system\CodeIgniter.php(419): CodeIgniter\CodeIgniter->runController(Object(App\Controllers\Home))
#5 C:\xampp\htdocs\HMS\system\CodeIgniter.php(326): CodeIgniter\CodeIgniter->handleRequest(NULL, Object(Config\Cache), false)
#6 C:\xampp\htdocs\HMS\index.php(37): CodeIgniter\CodeIgniter->run()
#7 {main}
CRITICAL - 2022-07-02 23:48:54 --> Invalid file: HomePage/gallery/gallery.php
#0 C:\xampp\htdocs\HMS\system\View\View.php(198): CodeIgniter\Exceptions\FrameworkException::forInvalidFile('HomePage/galler...')
#1 C:\xampp\htdocs\HMS\system\Common.php(1089): CodeIgniter\View\View->render('HomePage/galler...', Array, true)
#2 C:\xampp\htdocs\HMS\app\Controllers\Home.php(25): view('HomePage/galler...', Array)
#3 C:\xampp\htdocs\HMS\system\CodeIgniter.php(832): App\Controllers\Home->gallery()
#4 C:\xampp\htdocs\HMS\system\CodeIgniter.php(419): CodeIgniter\CodeIgniter->runController(Object(App\Controllers\Home))
#5 C:\xampp\htdocs\HMS\system\CodeIgniter.php(326): CodeIgniter\CodeIgniter->handleRequest(NULL, Object(Config\Cache), false)
#6 C:\xampp\htdocs\HMS\index.php(37): CodeIgniter\CodeIgniter->run()
#7 {main}
CRITICAL - 2022-07-02 23:49:05 --> Invalid file: HomePage/gallery/gallery.php
#0 C:\xampp\htdocs\HMS\system\View\View.php(198): CodeIgniter\Exceptions\FrameworkException::forInvalidFile('HomePage/galler...')
#1 C:\xampp\htdocs\HMS\system\Common.php(1089): CodeIgniter\View\View->render('HomePage/galler...', Array, true)
#2 C:\xampp\htdocs\HMS\app\Controllers\Home.php(25): view('HomePage/galler...', Array)
#3 C:\xampp\htdocs\HMS\system\CodeIgniter.php(832): App\Controllers\Home->gallery()
#4 C:\xampp\htdocs\HMS\system\CodeIgniter.php(419): CodeIgniter\CodeIgniter->runController(Object(App\Controllers\Home))
#5 C:\xampp\htdocs\HMS\system\CodeIgniter.php(326): CodeIgniter\CodeIgniter->handleRequest(NULL, Object(Config\Cache), false)
#6 C:\xampp\htdocs\HMS\index.php(37): CodeIgniter\CodeIgniter->run()
#7 {main}
CRITICAL - 2022-07-02 23:49:23 --> Invalid file: HomePage/gallery/gallery.php
#0 C:\xampp\htdocs\HMS\system\View\View.php(198): CodeIgniter\Exceptions\FrameworkException::forInvalidFile('HomePage/galler...')
#1 C:\xampp\htdocs\HMS\system\Common.php(1089): CodeIgniter\View\View->render('HomePage/galler...', Array, true)
#2 C:\xampp\htdocs\HMS\app\Controllers\Home.php(25): view('HomePage/galler...', Array)
#3 C:\xampp\htdocs\HMS\system\CodeIgniter.php(832): App\Controllers\Home->gallery()
#4 C:\xampp\htdocs\HMS\system\CodeIgniter.php(419): CodeIgniter\CodeIgniter->runController(Object(App\Controllers\Home))
#5 C:\xampp\htdocs\HMS\system\CodeIgniter.php(326): CodeIgniter\CodeIgniter->handleRequest(NULL, Object(Config\Cache), false)
#6 C:\xampp\htdocs\HMS\index.php(37): CodeIgniter\CodeIgniter->run()
#7 {main}
CRITICAL - 2022-07-02 23:50:22 --> Undefined array key "image_path"
#0 C:\xampp\htdocs\HMS\app\Views\HomePage\gallery\gallery.php(24): CodeIgniter\Debug\Exceptions->errorHandler(2, 'Undefined array...', 'C:\\xampp\\htdocs...', 24)
#1 C:\xampp\htdocs\HMS\system\View\View.php(210): include('C:\\xampp\\htdocs...')
#2 C:\xampp\htdocs\HMS\system\View\View.php(213): CodeIgniter\View\View->CodeIgniter\View\{closure}()
#3 C:\xampp\htdocs\HMS\system\Common.php(1089): CodeIgniter\View\View->render('HomePage/galler...', Array, true)
#4 C:\xampp\htdocs\HMS\app\Controllers\Home.php(25): view('HomePage/galler...', Array)
#5 C:\xampp\htdocs\HMS\system\CodeIgniter.php(832): App\Controllers\Home->gallery()
#6 C:\xampp\htdocs\HMS\system\CodeIgniter.php(419): CodeIgniter\CodeIgniter->runController(Object(App\Controllers\Home))
#7 C:\xampp\htdocs\HMS\system\CodeIgniter.php(326): CodeIgniter\CodeIgniter->handleRequest(NULL, Object(Config\Cache), false)
#8 C:\xampp\htdocs\HMS\index.php(37): CodeIgniter\CodeIgniter->run()
#9 {main}
CRITICAL - 2022-07-02 23:50:26 --> Undefined array key "image_path"
#0 C:\xampp\htdocs\HMS\app\Views\HomePage\gallery\gallery.php(24): CodeIgniter\Debug\Exceptions->errorHandler(2, 'Undefined array...', 'C:\\xampp\\htdocs...', 24)
#1 C:\xampp\htdocs\HMS\system\View\View.php(210): include('C:\\xampp\\htdocs...')
#2 C:\xampp\htdocs\HMS\system\View\View.php(213): CodeIgniter\View\View->CodeIgniter\View\{closure}()
#3 C:\xampp\htdocs\HMS\system\Common.php(1089): CodeIgniter\View\View->render('HomePage/galler...', Array, true)
#4 C:\xampp\htdocs\HMS\app\Controllers\Home.php(25): view('HomePage/galler...', Array)
#5 C:\xampp\htdocs\HMS\system\CodeIgniter.php(832): App\Controllers\Home->gallery()
#6 C:\xampp\htdocs\HMS\system\CodeIgniter.php(419): CodeIgniter\CodeIgniter->runController(Object(App\Controllers\Home))
#7 C:\xampp\htdocs\HMS\system\CodeIgniter.php(326): CodeIgniter\CodeIgniter->handleRequest(NULL, Object(Config\Cache), false)
#8 C:\xampp\htdocs\HMS\index.php(37): CodeIgniter\CodeIgniter->run()
#9 {main}
CRITICAL - 2022-07-02 23:50:35 --> Undefined array key "image_path"
#0 C:\xampp\htdocs\HMS\app\Views\HomePage\gallery\gallery.php(24): CodeIgniter\Debug\Exceptions->errorHandler(2, 'Undefined array...', 'C:\\xampp\\htdocs...', 24)
#1 C:\xampp\htdocs\HMS\system\View\View.php(210): include('C:\\xampp\\htdocs...')
#2 C:\xampp\htdocs\HMS\system\View\View.php(213): CodeIgniter\View\View->CodeIgniter\View\{closure}()
#3 C:\xampp\htdocs\HMS\system\Common.php(1089): CodeIgniter\View\View->render('HomePage/galler...', Array, true)
#4 C:\xampp\htdocs\HMS\app\Controllers\Home.php(25): view('HomePage/galler...', Array)
#5 C:\xampp\htdocs\HMS\system\CodeIgniter.php(832): App\Controllers\Home->gallery()
#6 C:\xampp\htdocs\HMS\system\CodeIgniter.php(419): CodeIgniter\CodeIgniter->runController(Object(App\Controllers\Home))
#7 C:\xampp\htdocs\HMS\system\CodeIgniter.php(326): CodeIgniter\CodeIgniter->handleRequest(NULL, Object(Config\Cache), false)
#8 C:\xampp\htdocs\HMS\index.php(37): CodeIgniter\CodeIgniter->run()
#9 {main}
CRITICAL - 2022-07-02 23:54:24 --> Undefined array key "image_path"
#0 C:\xampp\htdocs\HMS\app\Views\HomePage\gallery\gallery.php(24): CodeIgniter\Debug\Exceptions->errorHandler(2, 'Undefined array...', 'C:\\xampp\\htdocs...', 24)
#1 C:\xampp\htdocs\HMS\system\View\View.php(210): include('C:\\xampp\\htdocs...')
#2 C:\xampp\htdocs\HMS\system\View\View.php(213): CodeIgniter\View\View->CodeIgniter\View\{closure}()
#3 C:\xampp\htdocs\HMS\system\Common.php(1089): CodeIgniter\View\View->render('HomePage/galler...', Array, true)
#4 C:\xampp\htdocs\HMS\app\Controllers\Home.php(25): view('HomePage/galler...', Array)
#5 C:\xampp\htdocs\HMS\system\CodeIgniter.php(832): App\Controllers\Home->gallery()
#6 C:\xampp\htdocs\HMS\system\CodeIgniter.php(419): CodeIgniter\CodeIgniter->runController(Object(App\Controllers\Home))
#7 C:\xampp\htdocs\HMS\system\CodeIgniter.php(326): CodeIgniter\CodeIgniter->handleRequest(NULL, Object(Config\Cache), false)
#8 C:\xampp\htdocs\HMS\index.php(37): CodeIgniter\CodeIgniter->run()
#9 {main}
CRITICAL - 2022-07-02 23:54:28 --> Undefined array key "image_path"
#0 C:\xampp\htdocs\HMS\app\Views\HomePage\gallery\gallery.php(24): CodeIgniter\Debug\Exceptions->errorHandler(2, 'Undefined array...', 'C:\\xampp\\htdocs...', 24)
#1 C:\xampp\htdocs\HMS\system\View\View.php(210): include('C:\\xampp\\htdocs...')
#2 C:\xampp\htdocs\HMS\system\View\View.php(213): CodeIgniter\View\View->CodeIgniter\View\{closure}()
#3 C:\xampp\htdocs\HMS\system\Common.php(1089): CodeIgniter\View\View->render('HomePage/galler...', Array, true)
#4 C:\xampp\htdocs\HMS\app\Controllers\Home.php(25): view('HomePage/galler...', Array)
#5 C:\xampp\htdocs\HMS\system\CodeIgniter.php(832): App\Controllers\Home->gallery()
#6 C:\xampp\htdocs\HMS\system\CodeIgniter.php(419): CodeIgniter\CodeIgniter->runController(Object(App\Controllers\Home))
#7 C:\xampp\htdocs\HMS\system\CodeIgniter.php(326): CodeIgniter\CodeIgniter->handleRequest(NULL, Object(Config\Cache), false)
#8 C:\xampp\htdocs\HMS\index.php(37): CodeIgniter\CodeIgniter->run()
#9 {main}
CRITICAL - 2022-07-02 23:55:34 --> Undefined array key "image_path"
#0 C:\xampp\htdocs\HMS\app\Views\HomePage\gallery\gallery.php(24): CodeIgniter\Debug\Exceptions->errorHandler(2, 'Undefined array...', 'C:\\xampp\\htdocs...', 24)
#1 C:\xampp\htdocs\HMS\system\View\View.php(210): include('C:\\xampp\\htdocs...')
#2 C:\xampp\htdocs\HMS\system\View\View.php(213): CodeIgniter\View\View->CodeIgniter\View\{closure}()
#3 C:\xampp\htdocs\HMS\system\Common.php(1089): CodeIgniter\View\View->render('HomePage/galler...', Array, true)
#4 C:\xampp\htdocs\HMS\app\Controllers\Home.php(25): view('HomePage/galler...', Array)
#5 C:\xampp\htdocs\HMS\system\CodeIgniter.php(832): App\Controllers\Home->gallery()
#6 C:\xampp\htdocs\HMS\system\CodeIgniter.php(419): CodeIgniter\CodeIgniter->runController(Object(App\Controllers\Home))
#7 C:\xampp\htdocs\HMS\system\CodeIgniter.php(326): CodeIgniter\CodeIgniter->handleRequest(NULL, Object(Config\Cache), false)
#8 C:\xampp\htdocs\HMS\index.php(37): CodeIgniter\CodeIgniter->run()
#9 {main}
CRITICAL - 2022-07-02 23:57:40 --> Undefined array key "image_path"
#0 C:\xampp\htdocs\HMS\app\Views\HomePage\gallery\gallery.php(24): CodeIgniter\Debug\Exceptions->errorHandler(2, 'Undefined array...', 'C:\\xampp\\htdocs...', 24)
#1 C:\xampp\htdocs\HMS\system\View\View.php(210): include('C:\\xampp\\htdocs...')
#2 C:\xampp\htdocs\HMS\system\View\View.php(213): CodeIgniter\View\View->CodeIgniter\View\{closure}()
#3 C:\xampp\htdocs\HMS\system\Common.php(1089): CodeIgniter\View\View->render('HomePage/galler...', Array, true)
#4 C:\xampp\htdocs\HMS\app\Controllers\Home.php(25): view('HomePage/galler...', Array)
#5 C:\xampp\htdocs\HMS\system\CodeIgniter.php(832): App\Controllers\Home->gallery()
#6 C:\xampp\htdocs\HMS\system\CodeIgniter.php(419): CodeIgniter\CodeIgniter->runController(Object(App\Controllers\Home))
#7 C:\xampp\htdocs\HMS\system\CodeIgniter.php(326): CodeIgniter\CodeIgniter->handleRequest(NULL, Object(Config\Cache), false)
#8 C:\xampp\htdocs\HMS\index.php(37): CodeIgniter\CodeIgniter->run()
#9 {main}
CRITICAL - 2022-07-02 23:57:51 --> Undefined array key "image_path"
#0 C:\xampp\htdocs\HMS\app\Views\HomePage\gallery\gallery.php(24): CodeIgniter\Debug\Exceptions->errorHandler(2, 'Undefined array...', 'C:\\xampp\\htdocs...', 24)
#1 C:\xampp\htdocs\HMS\system\View\View.php(210): include('C:\\xampp\\htdocs...')
#2 C:\xampp\htdocs\HMS\system\View\View.php(213): CodeIgniter\View\View->CodeIgniter\View\{closure}()
#3 C:\xampp\htdocs\HMS\system\Common.php(1089): CodeIgniter\View\View->render('HomePage/galler...', Array, true)
#4 C:\xampp\htdocs\HMS\app\Controllers\Home.php(25): view('HomePage/galler...', Array)
#5 C:\xampp\htdocs\HMS\system\CodeIgniter.php(832): App\Controllers\Home->gallery()
#6 C:\xampp\htdocs\HMS\system\CodeIgniter.php(419): CodeIgniter\CodeIgniter->runController(Object(App\Controllers\Home))
#7 C:\xampp\htdocs\HMS\system\CodeIgniter.php(326): CodeIgniter\CodeIgniter->handleRequest(NULL, Object(Config\Cache), false)
#8 C:\xampp\htdocs\HMS\index.php(37): CodeIgniter\CodeIgniter->run()
#9 {main}
CRITICAL - 2022-07-02 23:58:26 --> Undefined array key "user_id"
#0 C:\xampp\htdocs\HMS\app\Views\Warden\Complaints\complaints.php(82): CodeIgniter\Debug\Exceptions->errorHandler(2, 'Undefined array...', 'C:\\xampp\\htdocs...', 82)
#1 C:\xampp\htdocs\HMS\system\View\View.php(210): include('C:\\xampp\\htdocs...')
#2 C:\xampp\htdocs\HMS\system\View\View.php(213): CodeIgniter\View\View->CodeIgniter\View\{closure}()
#3 C:\xampp\htdocs\HMS\system\Common.php(1089): CodeIgniter\View\View->render('Warden/Complain...', Array, true)
#4 C:\xampp\htdocs\HMS\app\Controllers\Warden_Complaints.php(13): view('Warden/Complain...')
#5 C:\xampp\htdocs\HMS\system\CodeIgniter.php(832): App\Controllers\Warden_Complaints->index()
#6 C:\xampp\htdocs\HMS\system\CodeIgniter.php(419): CodeIgniter\CodeIgniter->runController(Object(App\Controllers\Warden_Complaints))
#7 C:\xampp\htdocs\HMS\system\CodeIgniter.php(326): CodeIgniter\CodeIgniter->handleRequest(NULL, Object(Config\Cache), false)
#8 C:\xampp\htdocs\HMS\index.php(37): CodeIgniter\CodeIgniter->run()
#9 {main}
