CRITICAL - 2022-05-11 11:57:14 -->  route cannot be found while reverse-routing.
#0 F:\SOFTWARES\htdocs\HMS\system\HTTP\RedirectResponse.php(56): CodeIgniter\HTTP\Exceptions\HTTPException::forInvalidRedirectRoute('')
#1 F:\SOFTWARES\htdocs\HMS\system\Common.php(832): CodeIgniter\HTTP\RedirectResponse->route(false)
#2 F:\SOFTWARES\htdocs\HMS\app\Controllers\Home.php(94): redirect('stu_dashboard')
#3 F:\SOFTWARES\htdocs\HMS\system\CodeIgniter.php(832): App\Controllers\Home->check_user()
#4 F:\SOFTWARES\htdocs\HMS\system\CodeIgniter.php(419): CodeIgniter\CodeIgniter->runController(Object(App\Controllers\Home))
#5 F:\SOFTWARES\htdocs\HMS\system\CodeIgniter.php(326): CodeIgniter\CodeIgniter->handleRequest(NULL, Object(Config\Cache), false)
#6 F:\SOFTWARES\htdocs\HMS\index.php(37): CodeIgniter\CodeIgniter->run()
#7 {main}
CRITICAL - 2022-05-11 12:06:06 --> Class "App\Models\entry_leave_Model" not found
#0 F:\SOFTWARES\htdocs\HMS\system\CodeIgniter.php(832): App\Controllers\Student_Leave_entry->get_details()
#1 F:\SOFTWARES\htdocs\HMS\system\CodeIgniter.php(419): CodeIgniter\CodeIgniter->runController(Object(App\Controllers\Student_Leave_entry))
#2 F:\SOFTWARES\htdocs\HMS\system\CodeIgniter.php(326): CodeIgniter\CodeIgniter->handleRequest(NULL, Object(Config\Cache), false)
#3 F:\SOFTWARES\htdocs\HMS\index.php(37): CodeIgniter\CodeIgniter->run()
#4 {main}
CRITICAL - 2022-05-11 12:06:25 --> Class "App\Models\entry_leave_Model" not found
#0 F:\SOFTWARES\htdocs\HMS\system\CodeIgniter.php(832): App\Controllers\Student_Leave_entry->get_details()
#1 F:\SOFTWARES\htdocs\HMS\system\CodeIgniter.php(419): CodeIgniter\CodeIgniter->runController(Object(App\Controllers\Student_Leave_entry))
#2 F:\SOFTWARES\htdocs\HMS\system\CodeIgniter.php(326): CodeIgniter\CodeIgniter->handleRequest(NULL, Object(Config\Cache), false)
#3 F:\SOFTWARES\htdocs\HMS\index.php(37): CodeIgniter\CodeIgniter->run()
#4 {main}
CRITICAL - 2022-05-11 12:06:33 --> Class "App\Models\entry_leave_Model" not found
#0 F:\SOFTWARES\htdocs\HMS\system\CodeIgniter.php(832): App\Controllers\Student_Leave_entry->get_details()
#1 F:\SOFTWARES\htdocs\HMS\system\CodeIgniter.php(419): CodeIgniter\CodeIgniter->runController(Object(App\Controllers\Student_Leave_entry))
#2 F:\SOFTWARES\htdocs\HMS\system\CodeIgniter.php(326): CodeIgniter\CodeIgniter->handleRequest(NULL, Object(Config\Cache), false)
#3 F:\SOFTWARES\htdocs\HMS\index.php(37): CodeIgniter\CodeIgniter->run()
#4 {main}
CRITICAL - 2022-05-11 12:19:25 --> Class "App\Models\entry_leave_Model" not found
#0 F:\SOFTWARES\htdocs\HMS\system\CodeIgniter.php(832): App\Controllers\Student_Leave_entry->get_details()
#1 F:\SOFTWARES\htdocs\HMS\system\CodeIgniter.php(419): CodeIgniter\CodeIgniter->runController(Object(App\Controllers\Student_Leave_entry))
#2 F:\SOFTWARES\htdocs\HMS\system\CodeIgniter.php(326): CodeIgniter\CodeIgniter->handleRequest(NULL, Object(Config\Cache), false)
#3 F:\SOFTWARES\htdocs\HMS\index.php(37): CodeIgniter\CodeIgniter->run()
#4 {main}
CRITICAL - 2022-05-11 12:20:08 --> Class "App\Models\entry_leave_Model" not found
#0 F:\SOFTWARES\htdocs\HMS\system\CodeIgniter.php(832): App\Controllers\Student_Leave_entry->get_details()
#1 F:\SOFTWARES\htdocs\HMS\system\CodeIgniter.php(419): CodeIgniter\CodeIgniter->runController(Object(App\Controllers\Student_Leave_entry))
#2 F:\SOFTWARES\htdocs\HMS\system\CodeIgniter.php(326): CodeIgniter\CodeIgniter->handleRequest(NULL, Object(Config\Cache), false)
#3 F:\SOFTWARES\htdocs\HMS\index.php(37): CodeIgniter\CodeIgniter->run()
#4 {main}
