ERROR - 2022-08-17 01:45:35 --> Table 'hms.student_furniture_request' doesn't exist
ERROR - 2022-08-17 01:45:54 --> Table 'hms.student_furniture_request' doesn't exist
CRITICAL - 2022-08-17 01:47:10 --> Undefined array key "sec_id"
#0 F:\SOFTWARES\htdocs\HMS\app\Controllers\Student_chat.php(115): CodeIgniter\Debug\Exceptions->errorHandler(2, 'Undefined array...', 'F:\\SOFTWARES\\ht...', 115)
#1 F:\SOFTWARES\htdocs\HMS\system\CodeIgniter.php(832): App\Controllers\Student_Chat->getSecurity()
#2 F:\SOFTWARES\htdocs\HMS\system\CodeIgniter.php(419): CodeIgniter\CodeIgniter->runController(Object(App\Controllers\Student_Chat))
#3 F:\SOFTWARES\htdocs\HMS\system\CodeIgniter.php(326): CodeIgniter\CodeIgniter->handleRequest(NULL, Object(Config\Cache), false)
#4 F:\SOFTWARES\htdocs\HMS\index.php(37): CodeIgniter\CodeIgniter->run()
#5 {main}
CRITICAL - 2022-08-17 01:47:24 --> Undefined array key "sec_id"
#0 F:\SOFTWARES\htdocs\HMS\app\Controllers\Student_chat.php(115): CodeIgniter\Debug\Exceptions->errorHandler(2, 'Undefined array...', 'F:\\SOFTWARES\\ht...', 115)
#1 F:\SOFTWARES\htdocs\HMS\system\CodeIgniter.php(832): App\Controllers\Student_Chat->getSecurity()
#2 F:\SOFTWARES\htdocs\HMS\system\CodeIgniter.php(419): CodeIgniter\CodeIgniter->runController(Object(App\Controllers\Student_Chat))
#3 F:\SOFTWARES\htdocs\HMS\system\CodeIgniter.php(326): CodeIgniter\CodeIgniter->handleRequest(NULL, Object(Config\Cache), false)
#4 F:\SOFTWARES\htdocs\HMS\index.php(37): CodeIgniter\CodeIgniter->run()
#5 {main}
CRITICAL - 2022-08-17 01:47:41 --> Undefined array key "sec_id"
#0 F:\SOFTWARES\htdocs\HMS\app\Controllers\Student_chat.php(115): CodeIgniter\Debug\Exceptions->errorHandler(2, 'Undefined array...', 'F:\\SOFTWARES\\ht...', 115)
#1 F:\SOFTWARES\htdocs\HMS\system\CodeIgniter.php(832): App\Controllers\Student_Chat->getSecurity()
#2 F:\SOFTWARES\htdocs\HMS\system\CodeIgniter.php(419): CodeIgniter\CodeIgniter->runController(Object(App\Controllers\Student_Chat))
#3 F:\SOFTWARES\htdocs\HMS\system\CodeIgniter.php(326): CodeIgniter\CodeIgniter->handleRequest(NULL, Object(Config\Cache), false)
#4 F:\SOFTWARES\htdocs\HMS\index.php(37): CodeIgniter\CodeIgniter->run()
#5 {main}
CRITICAL - 2022-08-17 02:00:02 --> Undefined array key "user_id"
#0 F:\SOFTWARES\htdocs\HMS\app\Views\Warden\Complaints\complaints.php(86): CodeIgniter\Debug\Exceptions->errorHandler(2, 'Undefined array...', 'F:\\SOFTWARES\\ht...', 86)
#1 F:\SOFTWARES\htdocs\HMS\system\View\View.php(210): include('F:\\SOFTWARES\\ht...')
#2 F:\SOFTWARES\htdocs\HMS\system\View\View.php(213): CodeIgniter\View\View->CodeIgniter\View\{closure}()
#3 F:\SOFTWARES\htdocs\HMS\system\Common.php(1089): CodeIgniter\View\View->render('Warden/Complain...', Array, true)
#4 F:\SOFTWARES\htdocs\HMS\app\Controllers\Warden_Complaints.php(13): view('Warden/Complain...')
#5 F:\SOFTWARES\htdocs\HMS\system\CodeIgniter.php(832): App\Controllers\Warden_Complaints->index()
#6 F:\SOFTWARES\htdocs\HMS\system\CodeIgniter.php(419): CodeIgniter\CodeIgniter->runController(Object(App\Controllers\Warden_Complaints))
#7 F:\SOFTWARES\htdocs\HMS\system\CodeIgniter.php(326): CodeIgniter\CodeIgniter->handleRequest(NULL, Object(Config\Cache), false)
#8 F:\SOFTWARES\htdocs\HMS\index.php(37): CodeIgniter\CodeIgniter->run()
#9 {main}
CRITICAL - 2022-08-17 02:01:42 --> Undefined array key "user_id"
#0 F:\SOFTWARES\htdocs\HMS\app\Views\Warden\dashboard\index.php(141): CodeIgniter\Debug\Exceptions->errorHandler(2, 'Undefined array...', 'F:\\SOFTWARES\\ht...', 141)
#1 F:\SOFTWARES\htdocs\HMS\system\View\View.php(210): include('F:\\SOFTWARES\\ht...')
#2 F:\SOFTWARES\htdocs\HMS\system\View\View.php(213): CodeIgniter\View\View->CodeIgniter\View\{closure}()
#3 F:\SOFTWARES\htdocs\HMS\system\Common.php(1089): CodeIgniter\View\View->render('Warden/dashboar...', Array, true)
#4 F:\SOFTWARES\htdocs\HMS\app\Controllers\Warden_Dashboard.php(18): view('Warden/dashboar...')
#5 F:\SOFTWARES\htdocs\HMS\system\CodeIgniter.php(832): App\Controllers\Warden_Dashboard->index()
#6 F:\SOFTWARES\htdocs\HMS\system\CodeIgniter.php(419): CodeIgniter\CodeIgniter->runController(Object(App\Controllers\Warden_Dashboard))
#7 F:\SOFTWARES\htdocs\HMS\system\CodeIgniter.php(326): CodeIgniter\CodeIgniter->handleRequest(NULL, Object(Config\Cache), false)
#8 F:\SOFTWARES\htdocs\HMS\index.php(37): CodeIgniter\CodeIgniter->run()
#9 {main}
CRITICAL - 2022-08-17 02:01:48 --> Undefined array key "user_id"
#0 F:\SOFTWARES\htdocs\HMS\app\Views\Warden\dashboard\index.php(141): CodeIgniter\Debug\Exceptions->errorHandler(2, 'Undefined array...', 'F:\\SOFTWARES\\ht...', 141)
#1 F:\SOFTWARES\htdocs\HMS\system\View\View.php(210): include('F:\\SOFTWARES\\ht...')
#2 F:\SOFTWARES\htdocs\HMS\system\View\View.php(213): CodeIgniter\View\View->CodeIgniter\View\{closure}()
#3 F:\SOFTWARES\htdocs\HMS\system\Common.php(1089): CodeIgniter\View\View->render('Warden/dashboar...', Array, true)
#4 F:\SOFTWARES\htdocs\HMS\app\Controllers\Warden_Dashboard.php(18): view('Warden/dashboar...')
#5 F:\SOFTWARES\htdocs\HMS\system\CodeIgniter.php(832): App\Controllers\Warden_Dashboard->index()
#6 F:\SOFTWARES\htdocs\HMS\system\CodeIgniter.php(419): CodeIgniter\CodeIgniter->runController(Object(App\Controllers\Warden_Dashboard))
#7 F:\SOFTWARES\htdocs\HMS\system\CodeIgniter.php(326): CodeIgniter\CodeIgniter->handleRequest(NULL, Object(Config\Cache), false)
#8 F:\SOFTWARES\htdocs\HMS\index.php(37): CodeIgniter\CodeIgniter->run()
#9 {main}
ERROR - 2022-08-17 02:06:35 --> Unknown column 'password' in 'where clause'
CRITICAL - 2022-08-17 02:06:35 --> Call to a member function getResult() on bool
#0 F:\SOFTWARES\htdocs\HMS\system\BaseModel.php(584): CodeIgniter\Model->doFindAll(0, 0)
#1 F:\SOFTWARES\htdocs\HMS\app\Controllers\Subwarden_dashboard.php(314): CodeIgniter\BaseModel->findAll()
#2 F:\SOFTWARES\htdocs\HMS\system\CodeIgniter.php(832): App\Controllers\Subwarden_Dashboard->changePassword()
#3 F:\SOFTWARES\htdocs\HMS\system\CodeIgniter.php(419): CodeIgniter\CodeIgniter->runController(Object(App\Controllers\Subwarden_Dashboard))
#4 F:\SOFTWARES\htdocs\HMS\system\CodeIgniter.php(326): CodeIgniter\CodeIgniter->handleRequest(NULL, Object(Config\Cache), false)
#5 F:\SOFTWARES\htdocs\HMS\index.php(37): CodeIgniter\CodeIgniter->run()
#6 {main}
ERROR - 2022-08-17 02:06:52 --> Unknown column 'password' in 'where clause'
CRITICAL - 2022-08-17 02:06:52 --> Call to a member function getResult() on bool
#0 F:\SOFTWARES\htdocs\HMS\system\BaseModel.php(584): CodeIgniter\Model->doFindAll(0, 0)
#1 F:\SOFTWARES\htdocs\HMS\app\Controllers\Subwarden_dashboard.php(314): CodeIgniter\BaseModel->findAll()
#2 F:\SOFTWARES\htdocs\HMS\system\CodeIgniter.php(832): App\Controllers\Subwarden_Dashboard->changePassword()
#3 F:\SOFTWARES\htdocs\HMS\system\CodeIgniter.php(419): CodeIgniter\CodeIgniter->runController(Object(App\Controllers\Subwarden_Dashboard))
#4 F:\SOFTWARES\htdocs\HMS\system\CodeIgniter.php(326): CodeIgniter\CodeIgniter->handleRequest(NULL, Object(Config\Cache), false)
#5 F:\SOFTWARES\htdocs\HMS\index.php(37): CodeIgniter\CodeIgniter->run()
#6 {main}
CRITICAL - 2022-08-17 02:21:39 --> Undefined array key "image"
#0 F:\SOFTWARES\htdocs\HMS\app\Views\admin\gallery\gallery.php(381): CodeIgniter\Debug\Exceptions->errorHandler(2, 'Undefined array...', 'F:\\SOFTWARES\\ht...', 381)
#1 F:\SOFTWARES\htdocs\HMS\system\View\View.php(210): include('F:\\SOFTWARES\\ht...')
#2 F:\SOFTWARES\htdocs\HMS\system\View\View.php(213): CodeIgniter\View\View->CodeIgniter\View\{closure}()
#3 F:\SOFTWARES\htdocs\HMS\system\Common.php(1089): CodeIgniter\View\View->render('admin/gallery/g...', Array, true)
#4 F:\SOFTWARES\htdocs\HMS\app\Controllers\admin_Dashboard.php(212): view('admin/gallery/g...', Array)
#5 F:\SOFTWARES\htdocs\HMS\system\CodeIgniter.php(832): App\Controllers\admin_Dashboard->gallery()
#6 F:\SOFTWARES\htdocs\HMS\system\CodeIgniter.php(419): CodeIgniter\CodeIgniter->runController(Object(App\Controllers\admin_Dashboard))
#7 F:\SOFTWARES\htdocs\HMS\system\CodeIgniter.php(326): CodeIgniter\CodeIgniter->handleRequest(NULL, Object(Config\Cache), false)
#8 F:\SOFTWARES\htdocs\HMS\index.php(37): CodeIgniter\CodeIgniter->run()
#9 {main}
CRITICAL - 2022-08-17 02:33:49 --> Undefined array key "user_id"
#0 F:\SOFTWARES\htdocs\HMS\app\Views\Warden\Complaints\complaints.php(86): CodeIgniter\Debug\Exceptions->errorHandler(2, 'Undefined array...', 'F:\\SOFTWARES\\ht...', 86)
#1 F:\SOFTWARES\htdocs\HMS\system\View\View.php(210): include('F:\\SOFTWARES\\ht...')
#2 F:\SOFTWARES\htdocs\HMS\system\View\View.php(213): CodeIgniter\View\View->CodeIgniter\View\{closure}()
#3 F:\SOFTWARES\htdocs\HMS\system\Common.php(1089): CodeIgniter\View\View->render('Warden/Complain...', Array, true)
#4 F:\SOFTWARES\htdocs\HMS\app\Controllers\Warden_Complaints.php(13): view('Warden/Complain...')
#5 F:\SOFTWARES\htdocs\HMS\system\CodeIgniter.php(832): App\Controllers\Warden_Complaints->index()
#6 F:\SOFTWARES\htdocs\HMS\system\CodeIgniter.php(419): CodeIgniter\CodeIgniter->runController(Object(App\Controllers\Warden_Complaints))
#7 F:\SOFTWARES\htdocs\HMS\system\CodeIgniter.php(326): CodeIgniter\CodeIgniter->handleRequest(NULL, Object(Config\Cache), false)
#8 F:\SOFTWARES\htdocs\HMS\index.php(37): CodeIgniter\CodeIgniter->run()
#9 {main}
CRITICAL - 2022-08-17 02:45:52 --> Undefined array key "user_id"
#0 F:\SOFTWARES\htdocs\HMS\app\Views\Warden\Complaints\complaints.php(86): CodeIgniter\Debug\Exceptions->errorHandler(2, 'Undefined array...', 'F:\\SOFTWARES\\ht...', 86)
#1 F:\SOFTWARES\htdocs\HMS\system\View\View.php(210): include('F:\\SOFTWARES\\ht...')
#2 F:\SOFTWARES\htdocs\HMS\system\View\View.php(213): CodeIgniter\View\View->CodeIgniter\View\{closure}()
#3 F:\SOFTWARES\htdocs\HMS\system\Common.php(1089): CodeIgniter\View\View->render('Warden/Complain...', Array, true)
#4 F:\SOFTWARES\htdocs\HMS\app\Controllers\Warden_Complaints.php(13): view('Warden/Complain...')
#5 F:\SOFTWARES\htdocs\HMS\system\CodeIgniter.php(832): App\Controllers\Warden_Complaints->index()
#6 F:\SOFTWARES\htdocs\HMS\system\CodeIgniter.php(419): CodeIgniter\CodeIgniter->runController(Object(App\Controllers\Warden_Complaints))
#7 F:\SOFTWARES\htdocs\HMS\system\CodeIgniter.php(326): CodeIgniter\CodeIgniter->handleRequest(NULL, Object(Config\Cache), false)
#8 F:\SOFTWARES\htdocs\HMS\index.php(37): CodeIgniter\CodeIgniter->run()
#9 {main}
CRITICAL - 2022-08-17 02:47:02 --> Undefined array key "Reciver"
#0 F:\SOFTWARES\htdocs\HMS\app\Views\admin\complaints\complaints.php(403): CodeIgniter\Debug\Exceptions->errorHandler(2, 'Undefined array...', 'F:\\SOFTWARES\\ht...', 403)
#1 F:\SOFTWARES\htdocs\HMS\system\View\View.php(210): include('F:\\SOFTWARES\\ht...')
#2 F:\SOFTWARES\htdocs\HMS\system\View\View.php(213): CodeIgniter\View\View->CodeIgniter\View\{closure}()
#3 F:\SOFTWARES\htdocs\HMS\system\Common.php(1089): CodeIgniter\View\View->render('admin/complaint...', Array, true)
#4 F:\SOFTWARES\htdocs\HMS\app\Controllers\admin_Dashboard.php(295): view('admin/complaint...', Array)
#5 F:\SOFTWARES\htdocs\HMS\system\CodeIgniter.php(832): App\Controllers\admin_Dashboard->complaints()
#6 F:\SOFTWARES\htdocs\HMS\system\CodeIgniter.php(419): CodeIgniter\CodeIgniter->runController(Object(App\Controllers\admin_Dashboard))
#7 F:\SOFTWARES\htdocs\HMS\system\CodeIgniter.php(326): CodeIgniter\CodeIgniter->handleRequest(NULL, Object(Config\Cache), false)
#8 F:\SOFTWARES\htdocs\HMS\index.php(37): CodeIgniter\CodeIgniter->run()
#9 {main}
CRITICAL - 2022-08-17 02:47:58 --> Undefined array key "Sender"
#0 F:\SOFTWARES\htdocs\HMS\app\Views\admin\complaints\complaints.php(408): CodeIgniter\Debug\Exceptions->errorHandler(2, 'Undefined array...', 'F:\\SOFTWARES\\ht...', 408)
#1 F:\SOFTWARES\htdocs\HMS\system\View\View.php(210): include('F:\\SOFTWARES\\ht...')
#2 F:\SOFTWARES\htdocs\HMS\system\View\View.php(213): CodeIgniter\View\View->CodeIgniter\View\{closure}()
#3 F:\SOFTWARES\htdocs\HMS\system\Common.php(1089): CodeIgniter\View\View->render('admin/complaint...', Array, true)
#4 F:\SOFTWARES\htdocs\HMS\app\Controllers\admin_Dashboard.php(295): view('admin/complaint...', Array)
#5 F:\SOFTWARES\htdocs\HMS\system\CodeIgniter.php(832): App\Controllers\admin_Dashboard->complaints()
#6 F:\SOFTWARES\htdocs\HMS\system\CodeIgniter.php(419): CodeIgniter\CodeIgniter->runController(Object(App\Controllers\admin_Dashboard))
#7 F:\SOFTWARES\htdocs\HMS\system\CodeIgniter.php(326): CodeIgniter\CodeIgniter->handleRequest(NULL, Object(Config\Cache), false)
#8 F:\SOFTWARES\htdocs\HMS\index.php(37): CodeIgniter\CodeIgniter->run()
#9 {main}
CRITICAL - 2022-08-17 02:50:22 --> Invalid file: admin/Dbord/dash_board.php
#0 F:\SOFTWARES\htdocs\HMS\system\View\View.php(198): CodeIgniter\Exceptions\FrameworkException::forInvalidFile('admin/Dbord/das...')
#1 F:\SOFTWARES\htdocs\HMS\system\Common.php(1089): CodeIgniter\View\View->render('admin/Dbord/das...', Array, true)
#2 F:\SOFTWARES\htdocs\HMS\app\Controllers\admin_Dashboard.php(177): view('admin/Dbord/das...')
#3 F:\SOFTWARES\htdocs\HMS\system\CodeIgniter.php(832): App\Controllers\admin_Dashboard->d_board()
#4 F:\SOFTWARES\htdocs\HMS\system\CodeIgniter.php(419): CodeIgniter\CodeIgniter->runController(Object(App\Controllers\admin_Dashboard))
#5 F:\SOFTWARES\htdocs\HMS\system\CodeIgniter.php(326): CodeIgniter\CodeIgniter->handleRequest(NULL, Object(Config\Cache), false)
#6 F:\SOFTWARES\htdocs\HMS\index.php(37): CodeIgniter\CodeIgniter->run()
#7 {main}
CRITICAL - 2022-08-17 03:02:37 --> Undefined array key "image"
#0 F:\SOFTWARES\htdocs\HMS\app\Controllers\admin_Dashboard.php(574): CodeIgniter\Debug\Exceptions->errorHandler(2, 'Undefined array...', 'F:\\SOFTWARES\\ht...', 574)
#1 F:\SOFTWARES\htdocs\HMS\system\CodeIgniter.php(832): App\Controllers\admin_Dashboard->EditImage()
#2 F:\SOFTWARES\htdocs\HMS\system\CodeIgniter.php(419): CodeIgniter\CodeIgniter->runController(Object(App\Controllers\admin_Dashboard))
#3 F:\SOFTWARES\htdocs\HMS\system\CodeIgniter.php(326): CodeIgniter\CodeIgniter->handleRequest(NULL, Object(Config\Cache), false)
#4 F:\SOFTWARES\htdocs\HMS\index.php(37): CodeIgniter\CodeIgniter->run()
#5 {main}
CRITICAL - 2022-08-17 03:02:45 --> Undefined array key "image"
#0 F:\SOFTWARES\htdocs\HMS\app\Controllers\admin_Dashboard.php(574): CodeIgniter\Debug\Exceptions->errorHandler(2, 'Undefined array...', 'F:\\SOFTWARES\\ht...', 574)
#1 F:\SOFTWARES\htdocs\HMS\system\CodeIgniter.php(832): App\Controllers\admin_Dashboard->EditImage()
#2 F:\SOFTWARES\htdocs\HMS\system\CodeIgniter.php(419): CodeIgniter\CodeIgniter->runController(Object(App\Controllers\admin_Dashboard))
#3 F:\SOFTWARES\htdocs\HMS\system\CodeIgniter.php(326): CodeIgniter\CodeIgniter->handleRequest(NULL, Object(Config\Cache), false)
#4 F:\SOFTWARES\htdocs\HMS\index.php(37): CodeIgniter\CodeIgniter->run()
#5 {main}
CRITICAL - 2022-08-17 03:03:58 --> Undefined array key "image"
#0 F:\SOFTWARES\htdocs\HMS\app\Controllers\admin_Dashboard.php(574): CodeIgniter\Debug\Exceptions->errorHandler(2, 'Undefined array...', 'F:\\SOFTWARES\\ht...', 574)
#1 F:\SOFTWARES\htdocs\HMS\system\CodeIgniter.php(832): App\Controllers\admin_Dashboard->EditImage()
#2 F:\SOFTWARES\htdocs\HMS\system\CodeIgniter.php(419): CodeIgniter\CodeIgniter->runController(Object(App\Controllers\admin_Dashboard))
#3 F:\SOFTWARES\htdocs\HMS\system\CodeIgniter.php(326): CodeIgniter\CodeIgniter->handleRequest(NULL, Object(Config\Cache), false)
#4 F:\SOFTWARES\htdocs\HMS\index.php(37): CodeIgniter\CodeIgniter->run()
#5 {main}
CRITICAL - 2022-08-17 03:04:02 --> Undefined array key "image"
#0 F:\SOFTWARES\htdocs\HMS\app\Controllers\admin_Dashboard.php(574): CodeIgniter\Debug\Exceptions->errorHandler(2, 'Undefined array...', 'F:\\SOFTWARES\\ht...', 574)
#1 F:\SOFTWARES\htdocs\HMS\system\CodeIgniter.php(832): App\Controllers\admin_Dashboard->EditImage()
#2 F:\SOFTWARES\htdocs\HMS\system\CodeIgniter.php(419): CodeIgniter\CodeIgniter->runController(Object(App\Controllers\admin_Dashboard))
#3 F:\SOFTWARES\htdocs\HMS\system\CodeIgniter.php(326): CodeIgniter\CodeIgniter->handleRequest(NULL, Object(Config\Cache), false)
#4 F:\SOFTWARES\htdocs\HMS\index.php(37): CodeIgniter\CodeIgniter->run()
#5 {main}
CRITICAL - 2022-08-17 04:16:21 --> Call to a member function getRandomName() on null
#0 F:\SOFTWARES\htdocs\HMS\system\CodeIgniter.php(832): App\Controllers\admin_Dashboard->addImage()
#1 F:\SOFTWARES\htdocs\HMS\system\CodeIgniter.php(419): CodeIgniter\CodeIgniter->runController(Object(App\Controllers\admin_Dashboard))
#2 F:\SOFTWARES\htdocs\HMS\system\CodeIgniter.php(326): CodeIgniter\CodeIgniter->handleRequest(NULL, Object(Config\Cache), false)
#3 F:\SOFTWARES\htdocs\HMS\index.php(37): CodeIgniter\CodeIgniter->run()
#4 {main}
CRITICAL - 2022-08-17 04:27:42 --> Call to a member function getRandomName() on null
#0 F:\SOFTWARES\htdocs\HMS\system\CodeIgniter.php(832): App\Controllers\admin_Dashboard->addImage()
#1 F:\SOFTWARES\htdocs\HMS\system\CodeIgniter.php(419): CodeIgniter\CodeIgniter->runController(Object(App\Controllers\admin_Dashboard))
#2 F:\SOFTWARES\htdocs\HMS\system\CodeIgniter.php(326): CodeIgniter\CodeIgniter->handleRequest(NULL, Object(Config\Cache), false)
#3 F:\SOFTWARES\htdocs\HMS\index.php(37): CodeIgniter\CodeIgniter->run()
#4 {main}
CRITICAL - 2022-08-17 04:37:06 --> Call to a member function getRandomName() on null
#0 F:\SOFTWARES\htdocs\HMS\system\CodeIgniter.php(832): App\Controllers\admin_Dashboard->addImage()
#1 F:\SOFTWARES\htdocs\HMS\system\CodeIgniter.php(419): CodeIgniter\CodeIgniter->runController(Object(App\Controllers\admin_Dashboard))
#2 F:\SOFTWARES\htdocs\HMS\system\CodeIgniter.php(326): CodeIgniter\CodeIgniter->handleRequest(NULL, Object(Config\Cache), false)
#3 F:\SOFTWARES\htdocs\HMS\index.php(37): CodeIgniter\CodeIgniter->run()
#4 {main}
CRITICAL - 2022-08-17 06:45:27 --> Undefined array key "user_id"
#0 F:\SOFTWARES\htdocs\HMS\app\Views\admin\gallery\create.php(122): CodeIgniter\Debug\Exceptions->errorHandler(2, 'Undefined array...', 'F:\\SOFTWARES\\ht...', 122)
#1 F:\SOFTWARES\htdocs\HMS\system\View\View.php(210): include('F:\\SOFTWARES\\ht...')
#2 F:\SOFTWARES\htdocs\HMS\system\View\View.php(213): CodeIgniter\View\View->CodeIgniter\View\{closure}()
#3 F:\SOFTWARES\htdocs\HMS\system\Common.php(1089): CodeIgniter\View\View->render('admin/gallery/c...', Array, true)
#4 F:\SOFTWARES\htdocs\HMS\app\Controllers\admin_Dashboard.php(217): view('admin/gallery/c...')
#5 F:\SOFTWARES\htdocs\HMS\system\CodeIgniter.php(832): App\Controllers\admin_Dashboard->create()
#6 F:\SOFTWARES\htdocs\HMS\system\CodeIgniter.php(419): CodeIgniter\CodeIgniter->runController(Object(App\Controllers\admin_Dashboard))
#7 F:\SOFTWARES\htdocs\HMS\system\CodeIgniter.php(326): CodeIgniter\CodeIgniter->handleRequest(NULL, Object(Config\Cache), false)
#8 F:\SOFTWARES\htdocs\HMS\index.php(37): CodeIgniter\CodeIgniter->run()
#9 {main}
CRITICAL - 2022-08-17 06:45:50 --> Call to a member function getRandomName() on null
#0 F:\SOFTWARES\htdocs\HMS\system\CodeIgniter.php(832): App\Controllers\admin_Dashboard->addImage()
#1 F:\SOFTWARES\htdocs\HMS\system\CodeIgniter.php(419): CodeIgniter\CodeIgniter->runController(Object(App\Controllers\admin_Dashboard))
#2 F:\SOFTWARES\htdocs\HMS\system\CodeIgniter.php(326): CodeIgniter\CodeIgniter->handleRequest(NULL, Object(Config\Cache), false)
#3 F:\SOFTWARES\htdocs\HMS\index.php(37): CodeIgniter\CodeIgniter->run()
#4 {main}
CRITICAL - 2022-08-17 06:49:42 --> Call to a member function isValid() on null
#0 F:\SOFTWARES\htdocs\HMS\system\CodeIgniter.php(832): App\Controllers\admin_Dashboard->addImage()
#1 F:\SOFTWARES\htdocs\HMS\system\CodeIgniter.php(419): CodeIgniter\CodeIgniter->runController(Object(App\Controllers\admin_Dashboard))
#2 F:\SOFTWARES\htdocs\HMS\system\CodeIgniter.php(326): CodeIgniter\CodeIgniter->handleRequest(NULL, Object(Config\Cache), false)
#3 F:\SOFTWARES\htdocs\HMS\index.php(37): CodeIgniter\CodeIgniter->run()
#4 {main}
CRITICAL - 2022-08-17 06:52:19 --> Call to a member function isValid() on null
#0 F:\SOFTWARES\htdocs\HMS\system\CodeIgniter.php(832): App\Controllers\admin_Dashboard->addImage()
#1 F:\SOFTWARES\htdocs\HMS\system\CodeIgniter.php(419): CodeIgniter\CodeIgniter->runController(Object(App\Controllers\admin_Dashboard))
#2 F:\SOFTWARES\htdocs\HMS\system\CodeIgniter.php(326): CodeIgniter\CodeIgniter->handleRequest(NULL, Object(Config\Cache), false)
#3 F:\SOFTWARES\htdocs\HMS\index.php(37): CodeIgniter\CodeIgniter->run()
#4 {main}
CRITICAL - 2022-08-17 06:59:42 --> Call to a member function isValid() on null
#0 F:\SOFTWARES\htdocs\HMS\system\CodeIgniter.php(832): App\Controllers\admin_Dashboard->addImage()
#1 F:\SOFTWARES\htdocs\HMS\system\CodeIgniter.php(419): CodeIgniter\CodeIgniter->runController(Object(App\Controllers\admin_Dashboard))
#2 F:\SOFTWARES\htdocs\HMS\system\CodeIgniter.php(326): CodeIgniter\CodeIgniter->handleRequest(NULL, Object(Config\Cache), false)
#3 F:\SOFTWARES\htdocs\HMS\index.php(37): CodeIgniter\CodeIgniter->run()
#4 {main}
CRITICAL - 2022-08-17 07:01:40 --> Call to a member function isValid() on null
#0 F:\SOFTWARES\htdocs\HMS\system\CodeIgniter.php(832): App\Controllers\admin_Dashboard->addImage()
#1 F:\SOFTWARES\htdocs\HMS\system\CodeIgniter.php(419): CodeIgniter\CodeIgniter->runController(Object(App\Controllers\admin_Dashboard))
#2 F:\SOFTWARES\htdocs\HMS\system\CodeIgniter.php(326): CodeIgniter\CodeIgniter->handleRequest(NULL, Object(Config\Cache), false)
#3 F:\SOFTWARES\htdocs\HMS\index.php(37): CodeIgniter\CodeIgniter->run()
#4 {main}
CRITICAL - 2022-08-17 07:01:43 --> Call to a member function isValid() on null
#0 F:\SOFTWARES\htdocs\HMS\system\CodeIgniter.php(832): App\Controllers\admin_Dashboard->addImage()
#1 F:\SOFTWARES\htdocs\HMS\system\CodeIgniter.php(419): CodeIgniter\CodeIgniter->runController(Object(App\Controllers\admin_Dashboard))
#2 F:\SOFTWARES\htdocs\HMS\system\CodeIgniter.php(326): CodeIgniter\CodeIgniter->handleRequest(NULL, Object(Config\Cache), false)
#3 F:\SOFTWARES\htdocs\HMS\index.php(37): CodeIgniter\CodeIgniter->run()
#4 {main}
