CRITICAL - 2022-08-19 02:10:32 --> Undefined array key "user_id"
#0 F:\SOFTWARES\htdocs\HMS\app\Views\SubWarden\Notice\notice.php(89): CodeIgniter\Debug\Exceptions->errorHandler(2, 'Undefined array...', 'F:\\SOFTWARES\\ht...', 89)
#1 F:\SOFTWARES\htdocs\HMS\system\View\View.php(210): include('F:\\SOFTWARES\\ht...')
#2 F:\SOFTWARES\htdocs\HMS\system\View\View.php(213): CodeIgniter\View\View->CodeIgniter\View\{closure}()
#3 F:\SOFTWARES\htdocs\HMS\system\Common.php(1089): CodeIgniter\View\View->render('SubWarden/Notic...', Array, true)
#4 F:\SOFTWARES\htdocs\HMS\app\Controllers\SubWarden_Notice.php(10): view('SubWarden/Notic...')
#5 F:\SOFTWARES\htdocs\HMS\system\CodeIgniter.php(832): App\Controllers\SubWarden_Notice->index()
#6 F:\SOFTWARES\htdocs\HMS\system\CodeIgniter.php(419): CodeIgniter\CodeIgniter->runController(Object(App\Controllers\SubWarden_Notice))
#7 F:\SOFTWARES\htdocs\HMS\system\CodeIgniter.php(326): CodeIgniter\CodeIgniter->handleRequest(NULL, Object(Config\Cache), false)
#8 F:\SOFTWARES\htdocs\HMS\index.php(37): CodeIgniter\CodeIgniter->run()
#9 {main}
CRITICAL - 2022-08-19 02:25:39 --> There is no data to update.
#0 F:\SOFTWARES\htdocs\HMS\system\BaseModel.php(846): CodeIgniter\Database\Exceptions\DataException::forEmptyDataset('update')
#1 F:\SOFTWARES\htdocs\HMS\system\Model.php(651): CodeIgniter\BaseModel->update(NULL, Array)
#2 F:\SOFTWARES\htdocs\HMS\app\Controllers\Subwarden_chats.php(77): CodeIgniter\Model->update()
#3 F:\SOFTWARES\htdocs\HMS\system\CodeIgniter.php(832): App\Controllers\Subwarden_Chats->getChats()
#4 F:\SOFTWARES\htdocs\HMS\system\CodeIgniter.php(419): CodeIgniter\CodeIgniter->runController(Object(App\Controllers\Subwarden_Chats))
#5 F:\SOFTWARES\htdocs\HMS\system\CodeIgniter.php(326): CodeIgniter\CodeIgniter->handleRequest(NULL, Object(Config\Cache), false)
#6 F:\SOFTWARES\htdocs\HMS\index.php(37): CodeIgniter\CodeIgniter->run()
#7 {main}
CRITICAL - 2022-08-19 02:25:39 --> There is no data to update.
#0 F:\SOFTWARES\htdocs\HMS\system\BaseModel.php(846): CodeIgniter\Database\Exceptions\DataException::forEmptyDataset('update')
#1 F:\SOFTWARES\htdocs\HMS\system\Model.php(651): CodeIgniter\BaseModel->update(NULL, Array)
#2 F:\SOFTWARES\htdocs\HMS\app\Controllers\Subwarden_chats.php(77): CodeIgniter\Model->update()
#3 F:\SOFTWARES\htdocs\HMS\system\CodeIgniter.php(832): App\Controllers\Subwarden_Chats->getChats()
#4 F:\SOFTWARES\htdocs\HMS\system\CodeIgniter.php(419): CodeIgniter\CodeIgniter->runController(Object(App\Controllers\Subwarden_Chats))
#5 F:\SOFTWARES\htdocs\HMS\system\CodeIgniter.php(326): CodeIgniter\CodeIgniter->handleRequest(NULL, Object(Config\Cache), false)
#6 F:\SOFTWARES\htdocs\HMS\index.php(37): CodeIgniter\CodeIgniter->run()
#7 {main}
CRITICAL - 2022-08-19 02:26:47 --> Out of memory (allocated 4194304) (tried to allocate 327680 bytes)
#0 [internal function]: CodeIgniter\Debug\Exceptions->shutdownHandler()
#1 {main}
CRITICAL - 2022-08-19 02:27:09 --> Out of memory (allocated 4194304) (tried to allocate 327680 bytes)
#0 [internal function]: CodeIgniter\Debug\Exceptions->shutdownHandler()
#1 {main}
CRITICAL - 2022-08-19 02:27:09 --> Out of memory (allocated 4194304) (tried to allocate 327680 bytes)
#0 [internal function]: CodeIgniter\Debug\Exceptions->shutdownHandler()
#1 {main}
CRITICAL - 2022-08-19 02:29:30 --> There is no data to update.
#0 F:\SOFTWARES\htdocs\HMS\system\BaseModel.php(846): CodeIgniter\Database\Exceptions\DataException::forEmptyDataset('update')
#1 F:\SOFTWARES\htdocs\HMS\system\Model.php(651): CodeIgniter\BaseModel->update(NULL, Array)
#2 F:\SOFTWARES\htdocs\HMS\app\Controllers\Subwarden_chats.php(78): CodeIgniter\Model->update()
#3 F:\SOFTWARES\htdocs\HMS\system\CodeIgniter.php(832): App\Controllers\Subwarden_Chats->getChats()
#4 F:\SOFTWARES\htdocs\HMS\system\CodeIgniter.php(419): CodeIgniter\CodeIgniter->runController(Object(App\Controllers\Subwarden_Chats))
#5 F:\SOFTWARES\htdocs\HMS\system\CodeIgniter.php(326): CodeIgniter\CodeIgniter->handleRequest(NULL, Object(Config\Cache), false)
#6 F:\SOFTWARES\htdocs\HMS\index.php(37): CodeIgniter\CodeIgniter->run()
#7 {main}
CRITICAL - 2022-08-19 02:29:30 --> There is no data to update.
#0 F:\SOFTWARES\htdocs\HMS\system\BaseModel.php(846): CodeIgniter\Database\Exceptions\DataException::forEmptyDataset('update')
#1 F:\SOFTWARES\htdocs\HMS\system\Model.php(651): CodeIgniter\BaseModel->update(NULL, Array)
#2 F:\SOFTWARES\htdocs\HMS\app\Controllers\Subwarden_chats.php(78): CodeIgniter\Model->update()
#3 F:\SOFTWARES\htdocs\HMS\system\CodeIgniter.php(832): App\Controllers\Subwarden_Chats->getChats()
#4 F:\SOFTWARES\htdocs\HMS\system\CodeIgniter.php(419): CodeIgniter\CodeIgniter->runController(Object(App\Controllers\Subwarden_Chats))
#5 F:\SOFTWARES\htdocs\HMS\system\CodeIgniter.php(326): CodeIgniter\CodeIgniter->handleRequest(NULL, Object(Config\Cache), false)
#6 F:\SOFTWARES\htdocs\HMS\index.php(37): CodeIgniter\CodeIgniter->run()
#7 {main}
CRITICAL - 2022-08-19 02:31:00 --> There is no data to update.
#0 F:\SOFTWARES\htdocs\HMS\system\BaseModel.php(846): CodeIgniter\Database\Exceptions\DataException::forEmptyDataset('update')
#1 F:\SOFTWARES\htdocs\HMS\system\Model.php(651): CodeIgniter\BaseModel->update(NULL, Array)
#2 F:\SOFTWARES\htdocs\HMS\app\Controllers\Subwarden_chats.php(78): CodeIgniter\Model->update()
#3 F:\SOFTWARES\htdocs\HMS\system\CodeIgniter.php(832): App\Controllers\Subwarden_Chats->getChats()
#4 F:\SOFTWARES\htdocs\HMS\system\CodeIgniter.php(419): CodeIgniter\CodeIgniter->runController(Object(App\Controllers\Subwarden_Chats))
#5 F:\SOFTWARES\htdocs\HMS\system\CodeIgniter.php(326): CodeIgniter\CodeIgniter->handleRequest(NULL, Object(Config\Cache), false)
#6 F:\SOFTWARES\htdocs\HMS\index.php(37): CodeIgniter\CodeIgniter->run()
#7 {main}
CRITICAL - 2022-08-19 02:31:00 --> There is no data to update.
#0 F:\SOFTWARES\htdocs\HMS\system\BaseModel.php(846): CodeIgniter\Database\Exceptions\DataException::forEmptyDataset('update')
#1 F:\SOFTWARES\htdocs\HMS\system\Model.php(651): CodeIgniter\BaseModel->update(NULL, Array)
#2 F:\SOFTWARES\htdocs\HMS\app\Controllers\Subwarden_chats.php(78): CodeIgniter\Model->update()
#3 F:\SOFTWARES\htdocs\HMS\system\CodeIgniter.php(832): App\Controllers\Subwarden_Chats->getChats()
#4 F:\SOFTWARES\htdocs\HMS\system\CodeIgniter.php(419): CodeIgniter\CodeIgniter->runController(Object(App\Controllers\Subwarden_Chats))
#5 F:\SOFTWARES\htdocs\HMS\system\CodeIgniter.php(326): CodeIgniter\CodeIgniter->handleRequest(NULL, Object(Config\Cache), false)
#6 F:\SOFTWARES\htdocs\HMS\index.php(37): CodeIgniter\CodeIgniter->run()
#7 {main}
CRITICAL - 2022-08-19 02:31:04 --> There is no data to update.
#0 F:\SOFTWARES\htdocs\HMS\system\BaseModel.php(846): CodeIgniter\Database\Exceptions\DataException::forEmptyDataset('update')
#1 F:\SOFTWARES\htdocs\HMS\system\Model.php(651): CodeIgniter\BaseModel->update(NULL, Array)
#2 F:\SOFTWARES\htdocs\HMS\app\Controllers\Subwarden_chats.php(78): CodeIgniter\Model->update()
#3 F:\SOFTWARES\htdocs\HMS\system\CodeIgniter.php(832): App\Controllers\Subwarden_Chats->getChats()
#4 F:\SOFTWARES\htdocs\HMS\system\CodeIgniter.php(419): CodeIgniter\CodeIgniter->runController(Object(App\Controllers\Subwarden_Chats))
#5 F:\SOFTWARES\htdocs\HMS\system\CodeIgniter.php(326): CodeIgniter\CodeIgniter->handleRequest(NULL, Object(Config\Cache), false)
#6 F:\SOFTWARES\htdocs\HMS\index.php(37): CodeIgniter\CodeIgniter->run()
#7 {main}
CRITICAL - 2022-08-19 02:31:05 --> There is no data to update.
#0 F:\SOFTWARES\htdocs\HMS\system\BaseModel.php(846): CodeIgniter\Database\Exceptions\DataException::forEmptyDataset('update')
#1 F:\SOFTWARES\htdocs\HMS\system\Model.php(651): CodeIgniter\BaseModel->update(NULL, Array)
#2 F:\SOFTWARES\htdocs\HMS\app\Controllers\Subwarden_chats.php(78): CodeIgniter\Model->update()
#3 F:\SOFTWARES\htdocs\HMS\system\CodeIgniter.php(832): App\Controllers\Subwarden_Chats->getChats()
#4 F:\SOFTWARES\htdocs\HMS\system\CodeIgniter.php(419): CodeIgniter\CodeIgniter->runController(Object(App\Controllers\Subwarden_Chats))
#5 F:\SOFTWARES\htdocs\HMS\system\CodeIgniter.php(326): CodeIgniter\CodeIgniter->handleRequest(NULL, Object(Config\Cache), false)
#6 F:\SOFTWARES\htdocs\HMS\index.php(37): CodeIgniter\CodeIgniter->run()
#7 {main}
CRITICAL - 2022-08-19 02:35:36 --> There is no data to update.
#0 F:\SOFTWARES\htdocs\HMS\system\BaseModel.php(846): CodeIgniter\Database\Exceptions\DataException::forEmptyDataset('update')
#1 F:\SOFTWARES\htdocs\HMS\system\Model.php(651): CodeIgniter\BaseModel->update(NULL, Array)
#2 F:\SOFTWARES\htdocs\HMS\app\Controllers\Subwarden_chats.php(99): CodeIgniter\Model->update()
#3 F:\SOFTWARES\htdocs\HMS\system\CodeIgniter.php(832): App\Controllers\Subwarden_Chats->getChats()
#4 F:\SOFTWARES\htdocs\HMS\system\CodeIgniter.php(419): CodeIgniter\CodeIgniter->runController(Object(App\Controllers\Subwarden_Chats))
#5 F:\SOFTWARES\htdocs\HMS\system\CodeIgniter.php(326): CodeIgniter\CodeIgniter->handleRequest(NULL, Object(Config\Cache), false)
#6 F:\SOFTWARES\htdocs\HMS\index.php(37): CodeIgniter\CodeIgniter->run()
#7 {main}
CRITICAL - 2022-08-19 02:35:37 --> There is no data to update.
#0 F:\SOFTWARES\htdocs\HMS\system\BaseModel.php(846): CodeIgniter\Database\Exceptions\DataException::forEmptyDataset('update')
#1 F:\SOFTWARES\htdocs\HMS\system\Model.php(651): CodeIgniter\BaseModel->update(NULL, Array)
#2 F:\SOFTWARES\htdocs\HMS\app\Controllers\Subwarden_chats.php(99): CodeIgniter\Model->update()
#3 F:\SOFTWARES\htdocs\HMS\system\CodeIgniter.php(832): App\Controllers\Subwarden_Chats->getChats()
#4 F:\SOFTWARES\htdocs\HMS\system\CodeIgniter.php(419): CodeIgniter\CodeIgniter->runController(Object(App\Controllers\Subwarden_Chats))
#5 F:\SOFTWARES\htdocs\HMS\system\CodeIgniter.php(326): CodeIgniter\CodeIgniter->handleRequest(NULL, Object(Config\Cache), false)
#6 F:\SOFTWARES\htdocs\HMS\index.php(37): CodeIgniter\CodeIgniter->run()
#7 {main}
CRITICAL - 2022-08-19 02:46:16 --> Array to string conversion
#0 F:\SOFTWARES\htdocs\HMS\app\Controllers\Subwarden_chats.php(92): CodeIgniter\Debug\Exceptions->errorHandler(2, 'Array to string...', 'F:\\SOFTWARES\\ht...', 92)
#1 F:\SOFTWARES\htdocs\HMS\system\CodeIgniter.php(832): App\Controllers\Subwarden_Chats->getChats()
#2 F:\SOFTWARES\htdocs\HMS\system\CodeIgniter.php(419): CodeIgniter\CodeIgniter->runController(Object(App\Controllers\Subwarden_Chats))
#3 F:\SOFTWARES\htdocs\HMS\system\CodeIgniter.php(326): CodeIgniter\CodeIgniter->handleRequest(NULL, Object(Config\Cache), false)
#4 F:\SOFTWARES\htdocs\HMS\index.php(37): CodeIgniter\CodeIgniter->run()
#5 {main}
CRITICAL - 2022-08-19 02:46:16 --> Array to string conversion
#0 F:\SOFTWARES\htdocs\HMS\app\Controllers\Subwarden_chats.php(92): CodeIgniter\Debug\Exceptions->errorHandler(2, 'Array to string...', 'F:\\SOFTWARES\\ht...', 92)
#1 F:\SOFTWARES\htdocs\HMS\system\CodeIgniter.php(832): App\Controllers\Subwarden_Chats->getChats()
#2 F:\SOFTWARES\htdocs\HMS\system\CodeIgniter.php(419): CodeIgniter\CodeIgniter->runController(Object(App\Controllers\Subwarden_Chats))
#3 F:\SOFTWARES\htdocs\HMS\system\CodeIgniter.php(326): CodeIgniter\CodeIgniter->handleRequest(NULL, Object(Config\Cache), false)
#4 F:\SOFTWARES\htdocs\HMS\index.php(37): CodeIgniter\CodeIgniter->run()
#5 {main}
CRITICAL - 2022-08-19 02:50:15 --> There is no data to update.
#0 F:\SOFTWARES\htdocs\HMS\system\BaseModel.php(846): CodeIgniter\Database\Exceptions\DataException::forEmptyDataset('update')
#1 F:\SOFTWARES\htdocs\HMS\system\Model.php(651): CodeIgniter\BaseModel->update(NULL, Array)
#2 F:\SOFTWARES\htdocs\HMS\app\Controllers\Subwarden_chats.php(78): CodeIgniter\Model->update()
#3 F:\SOFTWARES\htdocs\HMS\system\CodeIgniter.php(832): App\Controllers\Subwarden_Chats->getChats()
#4 F:\SOFTWARES\htdocs\HMS\system\CodeIgniter.php(419): CodeIgniter\CodeIgniter->runController(Object(App\Controllers\Subwarden_Chats))
#5 F:\SOFTWARES\htdocs\HMS\system\CodeIgniter.php(326): CodeIgniter\CodeIgniter->handleRequest(NULL, Object(Config\Cache), false)
#6 F:\SOFTWARES\htdocs\HMS\index.php(37): CodeIgniter\CodeIgniter->run()
#7 {main}
CRITICAL - 2022-08-19 02:50:15 --> There is no data to update.
#0 F:\SOFTWARES\htdocs\HMS\system\BaseModel.php(846): CodeIgniter\Database\Exceptions\DataException::forEmptyDataset('update')
#1 F:\SOFTWARES\htdocs\HMS\system\Model.php(651): CodeIgniter\BaseModel->update(NULL, Array)
#2 F:\SOFTWARES\htdocs\HMS\app\Controllers\Subwarden_chats.php(78): CodeIgniter\Model->update()
#3 F:\SOFTWARES\htdocs\HMS\system\CodeIgniter.php(832): App\Controllers\Subwarden_Chats->getChats()
#4 F:\SOFTWARES\htdocs\HMS\system\CodeIgniter.php(419): CodeIgniter\CodeIgniter->runController(Object(App\Controllers\Subwarden_Chats))
#5 F:\SOFTWARES\htdocs\HMS\system\CodeIgniter.php(326): CodeIgniter\CodeIgniter->handleRequest(NULL, Object(Config\Cache), false)
#6 F:\SOFTWARES\htdocs\HMS\index.php(37): CodeIgniter\CodeIgniter->run()
#7 {main}
CRITICAL - 2022-08-19 02:50:20 --> There is no data to update.
#0 F:\SOFTWARES\htdocs\HMS\system\BaseModel.php(846): CodeIgniter\Database\Exceptions\DataException::forEmptyDataset('update')
#1 F:\SOFTWARES\htdocs\HMS\system\Model.php(651): CodeIgniter\BaseModel->update(NULL, Array)
#2 F:\SOFTWARES\htdocs\HMS\app\Controllers\Subwarden_chats.php(78): CodeIgniter\Model->update()
#3 F:\SOFTWARES\htdocs\HMS\system\CodeIgniter.php(832): App\Controllers\Subwarden_Chats->getChats()
#4 F:\SOFTWARES\htdocs\HMS\system\CodeIgniter.php(419): CodeIgniter\CodeIgniter->runController(Object(App\Controllers\Subwarden_Chats))
#5 F:\SOFTWARES\htdocs\HMS\system\CodeIgniter.php(326): CodeIgniter\CodeIgniter->handleRequest(NULL, Object(Config\Cache), false)
#6 F:\SOFTWARES\htdocs\HMS\index.php(37): CodeIgniter\CodeIgniter->run()
#7 {main}
CRITICAL - 2022-08-19 02:50:20 --> There is no data to update.
#0 F:\SOFTWARES\htdocs\HMS\system\BaseModel.php(846): CodeIgniter\Database\Exceptions\DataException::forEmptyDataset('update')
#1 F:\SOFTWARES\htdocs\HMS\system\Model.php(651): CodeIgniter\BaseModel->update(NULL, Array)
#2 F:\SOFTWARES\htdocs\HMS\app\Controllers\Subwarden_chats.php(78): CodeIgniter\Model->update()
#3 F:\SOFTWARES\htdocs\HMS\system\CodeIgniter.php(832): App\Controllers\Subwarden_Chats->getChats()
#4 F:\SOFTWARES\htdocs\HMS\system\CodeIgniter.php(419): CodeIgniter\CodeIgniter->runController(Object(App\Controllers\Subwarden_Chats))
#5 F:\SOFTWARES\htdocs\HMS\system\CodeIgniter.php(326): CodeIgniter\CodeIgniter->handleRequest(NULL, Object(Config\Cache), false)
#6 F:\SOFTWARES\htdocs\HMS\index.php(37): CodeIgniter\CodeIgniter->run()
#7 {main}
CRITICAL - 2022-08-19 05:54:35 --> syntax error, unexpected token "=", expecting variable or "{" or "$"
#0 F:\SOFTWARES\htdocs\HMS\system\Router\Router.php(175): CodeIgniter\Router\Router->autoRoute('Subwarden_Chats...')
#1 F:\SOFTWARES\htdocs\HMS\system\CodeIgniter.php(726): CodeIgniter\Router\Router->handle('Subwarden_Chats...')
#2 F:\SOFTWARES\htdocs\HMS\system\CodeIgniter.php(368): CodeIgniter\CodeIgniter->tryToRouteIt(Object(CodeIgniter\Router\RouteCollection))
#3 F:\SOFTWARES\htdocs\HMS\system\CodeIgniter.php(326): CodeIgniter\CodeIgniter->handleRequest(NULL, Object(Config\Cache), false)
#4 F:\SOFTWARES\htdocs\HMS\index.php(37): CodeIgniter\CodeIgniter->run()
#5 {main}
CRITICAL - 2022-08-19 05:54:35 --> syntax error, unexpected token "=", expecting variable or "{" or "$"
#0 F:\SOFTWARES\htdocs\HMS\system\Router\Router.php(175): CodeIgniter\Router\Router->autoRoute('Subwarden_Chats...')
#1 F:\SOFTWARES\htdocs\HMS\system\CodeIgniter.php(726): CodeIgniter\Router\Router->handle('Subwarden_Chats...')
#2 F:\SOFTWARES\htdocs\HMS\system\CodeIgniter.php(368): CodeIgniter\CodeIgniter->tryToRouteIt(Object(CodeIgniter\Router\RouteCollection))
#3 F:\SOFTWARES\htdocs\HMS\system\CodeIgniter.php(326): CodeIgniter\CodeIgniter->handleRequest(NULL, Object(Config\Cache), false)
#4 F:\SOFTWARES\htdocs\HMS\index.php(37): CodeIgniter\CodeIgniter->run()
#5 {main}
CRITICAL - 2022-08-19 05:54:42 --> syntax error, unexpected token "=", expecting variable or "{" or "$"
#0 F:\SOFTWARES\htdocs\HMS\system\Router\Router.php(175): CodeIgniter\Router\Router->autoRoute('Subwarden_Chats...')
#1 F:\SOFTWARES\htdocs\HMS\system\CodeIgniter.php(726): CodeIgniter\Router\Router->handle('Subwarden_Chats...')
#2 F:\SOFTWARES\htdocs\HMS\system\CodeIgniter.php(368): CodeIgniter\CodeIgniter->tryToRouteIt(Object(CodeIgniter\Router\RouteCollection))
#3 F:\SOFTWARES\htdocs\HMS\system\CodeIgniter.php(326): CodeIgniter\CodeIgniter->handleRequest(NULL, Object(Config\Cache), false)
#4 F:\SOFTWARES\htdocs\HMS\index.php(37): CodeIgniter\CodeIgniter->run()
#5 {main}
CRITICAL - 2022-08-19 05:54:42 --> syntax error, unexpected token "=", expecting variable or "{" or "$"
#0 F:\SOFTWARES\htdocs\HMS\system\Router\Router.php(175): CodeIgniter\Router\Router->autoRoute('Subwarden_Chats...')
#1 F:\SOFTWARES\htdocs\HMS\system\CodeIgniter.php(726): CodeIgniter\Router\Router->handle('Subwarden_Chats...')
#2 F:\SOFTWARES\htdocs\HMS\system\CodeIgniter.php(368): CodeIgniter\CodeIgniter->tryToRouteIt(Object(CodeIgniter\Router\RouteCollection))
#3 F:\SOFTWARES\htdocs\HMS\system\CodeIgniter.php(326): CodeIgniter\CodeIgniter->handleRequest(NULL, Object(Config\Cache), false)
#4 F:\SOFTWARES\htdocs\HMS\index.php(37): CodeIgniter\CodeIgniter->run()
#5 {main}
CRITICAL - 2022-08-19 07:33:41 --> Undefined array key "sec_id"
#0 F:\SOFTWARES\htdocs\HMS\app\Controllers\Dean_Chats.php(110): CodeIgniter\Debug\Exceptions->errorHandler(2, 'Undefined array...', 'F:\\SOFTWARES\\ht...', 110)
#1 F:\SOFTWARES\htdocs\HMS\system\CodeIgniter.php(832): App\Controllers\dean_Chats->getSecurity()
#2 F:\SOFTWARES\htdocs\HMS\system\CodeIgniter.php(419): CodeIgniter\CodeIgniter->runController(Object(App\Controllers\dean_Chats))
#3 F:\SOFTWARES\htdocs\HMS\system\CodeIgniter.php(326): CodeIgniter\CodeIgniter->handleRequest(NULL, Object(Config\Cache), false)
#4 F:\SOFTWARES\htdocs\HMS\index.php(37): CodeIgniter\CodeIgniter->run()
#5 {main}
CRITICAL - 2022-08-19 07:33:44 --> Undefined array key "sec_id"
#0 F:\SOFTWARES\htdocs\HMS\app\Controllers\Dean_Chats.php(110): CodeIgniter\Debug\Exceptions->errorHandler(2, 'Undefined array...', 'F:\\SOFTWARES\\ht...', 110)
#1 F:\SOFTWARES\htdocs\HMS\system\CodeIgniter.php(832): App\Controllers\dean_Chats->getSecurity()
#2 F:\SOFTWARES\htdocs\HMS\system\CodeIgniter.php(419): CodeIgniter\CodeIgniter->runController(Object(App\Controllers\dean_Chats))
#3 F:\SOFTWARES\htdocs\HMS\system\CodeIgniter.php(326): CodeIgniter\CodeIgniter->handleRequest(NULL, Object(Config\Cache), false)
#4 F:\SOFTWARES\htdocs\HMS\index.php(37): CodeIgniter\CodeIgniter->run()
#5 {main}
CRITICAL - 2022-08-19 07:33:53 --> Undefined array key "sec_id"
#0 F:\SOFTWARES\htdocs\HMS\app\Controllers\Dean_Chats.php(110): CodeIgniter\Debug\Exceptions->errorHandler(2, 'Undefined array...', 'F:\\SOFTWARES\\ht...', 110)
#1 F:\SOFTWARES\htdocs\HMS\system\CodeIgniter.php(832): App\Controllers\dean_Chats->getSecurity()
#2 F:\SOFTWARES\htdocs\HMS\system\CodeIgniter.php(419): CodeIgniter\CodeIgniter->runController(Object(App\Controllers\dean_Chats))
#3 F:\SOFTWARES\htdocs\HMS\system\CodeIgniter.php(326): CodeIgniter\CodeIgniter->handleRequest(NULL, Object(Config\Cache), false)
#4 F:\SOFTWARES\htdocs\HMS\index.php(37): CodeIgniter\CodeIgniter->run()
#5 {main}
CRITICAL - 2022-08-19 07:34:24 --> Undefined array key "sec_id"
#0 F:\SOFTWARES\htdocs\HMS\app\Controllers\Dean_Chats.php(110): CodeIgniter\Debug\Exceptions->errorHandler(2, 'Undefined array...', 'F:\\SOFTWARES\\ht...', 110)
#1 F:\SOFTWARES\htdocs\HMS\system\CodeIgniter.php(832): App\Controllers\dean_Chats->getSecurity()
#2 F:\SOFTWARES\htdocs\HMS\system\CodeIgniter.php(419): CodeIgniter\CodeIgniter->runController(Object(App\Controllers\dean_Chats))
#3 F:\SOFTWARES\htdocs\HMS\system\CodeIgniter.php(326): CodeIgniter\CodeIgniter->handleRequest(NULL, Object(Config\Cache), false)
#4 F:\SOFTWARES\htdocs\HMS\index.php(37): CodeIgniter\CodeIgniter->run()
#5 {main}
CRITICAL - 2022-08-19 07:34:29 --> Undefined array key "sec_id"
#0 F:\SOFTWARES\htdocs\HMS\app\Controllers\Dean_Chats.php(110): CodeIgniter\Debug\Exceptions->errorHandler(2, 'Undefined array...', 'F:\\SOFTWARES\\ht...', 110)
#1 F:\SOFTWARES\htdocs\HMS\system\CodeIgniter.php(832): App\Controllers\dean_Chats->getSecurity()
#2 F:\SOFTWARES\htdocs\HMS\system\CodeIgniter.php(419): CodeIgniter\CodeIgniter->runController(Object(App\Controllers\dean_Chats))
#3 F:\SOFTWARES\htdocs\HMS\system\CodeIgniter.php(326): CodeIgniter\CodeIgniter->handleRequest(NULL, Object(Config\Cache), false)
#4 F:\SOFTWARES\htdocs\HMS\index.php(37): CodeIgniter\CodeIgniter->run()
#5 {main}
CRITICAL - 2022-08-19 10:36:46 --> Undefined array key "user_id"
#0 F:\SOFTWARES\htdocs\HMS\app\Views\SubWarden\dashboard\index.php(155): CodeIgniter\Debug\Exceptions->errorHandler(2, 'Undefined array...', 'F:\\SOFTWARES\\ht...', 155)
#1 F:\SOFTWARES\htdocs\HMS\system\View\View.php(210): include('F:\\SOFTWARES\\ht...')
#2 F:\SOFTWARES\htdocs\HMS\system\View\View.php(213): CodeIgniter\View\View->CodeIgniter\View\{closure}()
#3 F:\SOFTWARES\htdocs\HMS\system\Common.php(1089): CodeIgniter\View\View->render('SubWarden/dashb...', Array, true)
#4 F:\SOFTWARES\htdocs\HMS\app\Controllers\Subwarden_dashboard.php(339): view('SubWarden/dashb...')
#5 F:\SOFTWARES\htdocs\HMS\system\CodeIgniter.php(832): App\Controllers\Subwarden_Dashboard->prof()
#6 F:\SOFTWARES\htdocs\HMS\system\CodeIgniter.php(419): CodeIgniter\CodeIgniter->runController(Object(App\Controllers\Subwarden_Dashboard))
#7 F:\SOFTWARES\htdocs\HMS\system\CodeIgniter.php(326): CodeIgniter\CodeIgniter->handleRequest(NULL, Object(Config\Cache), false)
#8 F:\SOFTWARES\htdocs\HMS\index.php(37): CodeIgniter\CodeIgniter->run()
#9 {main}
