CRITICAL - 2022-04-23 00:22:21 --> Undefined array key "user_id"
#0 F:\SOFTWARES\htdocs\HMS\app\Views\SubWarden\dashboard\index.php(94): CodeIgniter\Debug\Exceptions->errorHandler(2, 'Undefined array...', 'F:\\SOFTWARES\\ht...', 94)
#1 F:\SOFTWARES\htdocs\HMS\system\View\View.php(210): include('F:\\SOFTWARES\\ht...')
#2 F:\SOFTWARES\htdocs\HMS\system\View\View.php(213): CodeIgniter\View\View->CodeIgniter\View\{closure}()
#3 F:\SOFTWARES\htdocs\HMS\system\Common.php(1089): CodeIgniter\View\View->render('SubWarden/dashb...', Array, true)
#4 F:\SOFTWARES\htdocs\HMS\app\Controllers\Subwarden_dashboard.php(283): view('SubWarden/dashb...')
#5 F:\SOFTWARES\htdocs\HMS\system\CodeIgniter.php(832): App\Controllers\Subwarden_Dashboard->prof()
#6 F:\SOFTWARES\htdocs\HMS\system\CodeIgniter.php(419): CodeIgniter\CodeIgniter->runController(Object(App\Controllers\Subwarden_Dashboard))
#7 F:\SOFTWARES\htdocs\HMS\system\CodeIgniter.php(326): CodeIgniter\CodeIgniter->handleRequest(NULL, Object(Config\Cache), false)
#8 F:\SOFTWARES\htdocs\HMS\index.php(37): CodeIgniter\CodeIgniter->run()
#9 {main}
CRITICAL - 2022-04-23 03:39:36 --> Unclosed '{' on line 96
#0 F:\SOFTWARES\htdocs\HMS\system\View\View.php(213): CodeIgniter\View\View->CodeIgniter\View\{closure}()
#1 F:\SOFTWARES\htdocs\HMS\system\Common.php(1089): CodeIgniter\View\View->render('SubWarden/Expen...', Array, true)
#2 F:\SOFTWARES\htdocs\HMS\app\Controllers\SubWarden_Exp.php(14): view('SubWarden/Expen...')
#3 F:\SOFTWARES\htdocs\HMS\system\CodeIgniter.php(832): App\Controllers\SubWarden_Exp->index()
#4 F:\SOFTWARES\htdocs\HMS\system\CodeIgniter.php(419): CodeIgniter\CodeIgniter->runController(Object(App\Controllers\SubWarden_Exp))
#5 F:\SOFTWARES\htdocs\HMS\system\CodeIgniter.php(326): CodeIgniter\CodeIgniter->handleRequest(NULL, Object(Config\Cache), false)
#6 F:\SOFTWARES\htdocs\HMS\index.php(37): CodeIgniter\CodeIgniter->run()
#7 {main}
CRITICAL - 2022-04-23 06:54:38 --> Undefined array key "notice_id"
#0 F:\SOFTWARES\htdocs\HMS\app\Controllers\SubWarden_Exp.php(32): CodeIgniter\Debug\Exceptions->errorHandler(2, 'Undefined array...', 'F:\\SOFTWARES\\ht...', 32)
#1 F:\SOFTWARES\htdocs\HMS\system\CodeIgniter.php(832): App\Controllers\SubWarden_Exp->getExp()
#2 F:\SOFTWARES\htdocs\HMS\system\CodeIgniter.php(419): CodeIgniter\CodeIgniter->runController(Object(App\Controllers\SubWarden_Exp))
#3 F:\SOFTWARES\htdocs\HMS\system\CodeIgniter.php(326): CodeIgniter\CodeIgniter->handleRequest(NULL, Object(Config\Cache), false)
#4 F:\SOFTWARES\htdocs\HMS\index.php(37): CodeIgniter\CodeIgniter->run()
#5 {main}
CRITICAL - 2022-04-23 06:54:56 --> Undefined array key "notice_id"
#0 F:\SOFTWARES\htdocs\HMS\app\Controllers\SubWarden_Exp.php(32): CodeIgniter\Debug\Exceptions->errorHandler(2, 'Undefined array...', 'F:\\SOFTWARES\\ht...', 32)
#1 F:\SOFTWARES\htdocs\HMS\system\CodeIgniter.php(832): App\Controllers\SubWarden_Exp->getExp()
#2 F:\SOFTWARES\htdocs\HMS\system\CodeIgniter.php(419): CodeIgniter\CodeIgniter->runController(Object(App\Controllers\SubWarden_Exp))
#3 F:\SOFTWARES\htdocs\HMS\system\CodeIgniter.php(326): CodeIgniter\CodeIgniter->handleRequest(NULL, Object(Config\Cache), false)
#4 F:\SOFTWARES\htdocs\HMS\index.php(37): CodeIgniter\CodeIgniter->run()
#5 {main}
CRITICAL - 2022-04-23 06:55:14 --> Undefined array key "notice_id"
#0 F:\SOFTWARES\htdocs\HMS\app\Controllers\SubWarden_Exp.php(32): CodeIgniter\Debug\Exceptions->errorHandler(2, 'Undefined array...', 'F:\\SOFTWARES\\ht...', 32)
#1 F:\SOFTWARES\htdocs\HMS\system\CodeIgniter.php(832): App\Controllers\SubWarden_Exp->getExp()
#2 F:\SOFTWARES\htdocs\HMS\system\CodeIgniter.php(419): CodeIgniter\CodeIgniter->runController(Object(App\Controllers\SubWarden_Exp))
#3 F:\SOFTWARES\htdocs\HMS\system\CodeIgniter.php(326): CodeIgniter\CodeIgniter->handleRequest(NULL, Object(Config\Cache), false)
#4 F:\SOFTWARES\htdocs\HMS\index.php(37): CodeIgniter\CodeIgniter->run()
#5 {main}
CRITICAL - 2022-04-23 07:21:27 --> Undefined array key "date"
#0 F:\SOFTWARES\htdocs\HMS\app\Controllers\SubWarden_Exp.php(81): CodeIgniter\Debug\Exceptions->errorHandler(2, 'Undefined array...', 'F:\\SOFTWARES\\ht...', 81)
#1 F:\SOFTWARES\htdocs\HMS\system\CodeIgniter.php(832): App\Controllers\SubWarden_Exp->getExpEdit()
#2 F:\SOFTWARES\htdocs\HMS\system\CodeIgniter.php(419): CodeIgniter\CodeIgniter->runController(Object(App\Controllers\SubWarden_Exp))
#3 F:\SOFTWARES\htdocs\HMS\system\CodeIgniter.php(326): CodeIgniter\CodeIgniter->handleRequest(NULL, Object(Config\Cache), false)
#4 F:\SOFTWARES\htdocs\HMS\index.php(37): CodeIgniter\CodeIgniter->run()
#5 {main}
CRITICAL - 2022-04-23 07:24:13 --> Undefined array key "date"
#0 F:\SOFTWARES\htdocs\HMS\app\Controllers\SubWarden_Exp.php(81): CodeIgniter\Debug\Exceptions->errorHandler(2, 'Undefined array...', 'F:\\SOFTWARES\\ht...', 81)
#1 F:\SOFTWARES\htdocs\HMS\system\CodeIgniter.php(832): App\Controllers\SubWarden_Exp->getExpEdit()
#2 F:\SOFTWARES\htdocs\HMS\system\CodeIgniter.php(419): CodeIgniter\CodeIgniter->runController(Object(App\Controllers\SubWarden_Exp))
#3 F:\SOFTWARES\htdocs\HMS\system\CodeIgniter.php(326): CodeIgniter\CodeIgniter->handleRequest(NULL, Object(Config\Cache), false)
#4 F:\SOFTWARES\htdocs\HMS\index.php(37): CodeIgniter\CodeIgniter->run()
#5 {main}
CRITICAL - 2022-04-23 07:25:40 --> Undefined array key "date"
#0 F:\SOFTWARES\htdocs\HMS\app\Controllers\SubWarden_Exp.php(81): CodeIgniter\Debug\Exceptions->errorHandler(2, 'Undefined array...', 'F:\\SOFTWARES\\ht...', 81)
#1 F:\SOFTWARES\htdocs\HMS\system\CodeIgniter.php(832): App\Controllers\SubWarden_Exp->getExpEdit()
#2 F:\SOFTWARES\htdocs\HMS\system\CodeIgniter.php(419): CodeIgniter\CodeIgniter->runController(Object(App\Controllers\SubWarden_Exp))
#3 F:\SOFTWARES\htdocs\HMS\system\CodeIgniter.php(326): CodeIgniter\CodeIgniter->handleRequest(NULL, Object(Config\Cache), false)
#4 F:\SOFTWARES\htdocs\HMS\index.php(37): CodeIgniter\CodeIgniter->run()
#5 {main}
CRITICAL - 2022-04-23 07:27:47 --> Undefined array key "amount"
#0 F:\SOFTWARES\htdocs\HMS\app\Controllers\SubWarden_Exp.php(82): CodeIgniter\Debug\Exceptions->errorHandler(2, 'Undefined array...', 'F:\\SOFTWARES\\ht...', 82)
#1 F:\SOFTWARES\htdocs\HMS\system\CodeIgniter.php(832): App\Controllers\SubWarden_Exp->getExpEdit()
#2 F:\SOFTWARES\htdocs\HMS\system\CodeIgniter.php(419): CodeIgniter\CodeIgniter->runController(Object(App\Controllers\SubWarden_Exp))
#3 F:\SOFTWARES\htdocs\HMS\system\CodeIgniter.php(326): CodeIgniter\CodeIgniter->handleRequest(NULL, Object(Config\Cache), false)
#4 F:\SOFTWARES\htdocs\HMS\index.php(37): CodeIgniter\CodeIgniter->run()
#5 {main}
CRITICAL - 2022-04-23 07:28:21 --> Undefined array key "date"
#0 F:\SOFTWARES\htdocs\HMS\app\Controllers\SubWarden_Exp.php(81): CodeIgniter\Debug\Exceptions->errorHandler(2, 'Undefined array...', 'F:\\SOFTWARES\\ht...', 81)
#1 F:\SOFTWARES\htdocs\HMS\system\CodeIgniter.php(832): App\Controllers\SubWarden_Exp->getExpEdit()
#2 F:\SOFTWARES\htdocs\HMS\system\CodeIgniter.php(419): CodeIgniter\CodeIgniter->runController(Object(App\Controllers\SubWarden_Exp))
#3 F:\SOFTWARES\htdocs\HMS\system\CodeIgniter.php(326): CodeIgniter\CodeIgniter->handleRequest(NULL, Object(Config\Cache), false)
#4 F:\SOFTWARES\htdocs\HMS\index.php(37): CodeIgniter\CodeIgniter->run()
#5 {main}
CRITICAL - 2022-04-23 07:29:06 --> Undefined array key "date"
#0 F:\SOFTWARES\htdocs\HMS\app\Controllers\SubWarden_Exp.php(81): CodeIgniter\Debug\Exceptions->errorHandler(2, 'Undefined array...', 'F:\\SOFTWARES\\ht...', 81)
#1 F:\SOFTWARES\htdocs\HMS\system\CodeIgniter.php(832): App\Controllers\SubWarden_Exp->getExpEdit()
#2 F:\SOFTWARES\htdocs\HMS\system\CodeIgniter.php(419): CodeIgniter\CodeIgniter->runController(Object(App\Controllers\SubWarden_Exp))
#3 F:\SOFTWARES\htdocs\HMS\system\CodeIgniter.php(326): CodeIgniter\CodeIgniter->handleRequest(NULL, Object(Config\Cache), false)
#4 F:\SOFTWARES\htdocs\HMS\index.php(37): CodeIgniter\CodeIgniter->run()
#5 {main}
CRITICAL - 2022-04-23 13:11:11 --> Too few arguments to function App\Controllers\Warden_Notices::getMyNotices(), 0 passed in F:\SOFTWARES\htdocs\HMS\system\CodeIgniter.php on line 832 and exactly 1 expected
#0 F:\SOFTWARES\htdocs\HMS\system\CodeIgniter.php(832): App\Controllers\Warden_Notices->getMyNotices()
#1 F:\SOFTWARES\htdocs\HMS\system\CodeIgniter.php(419): CodeIgniter\CodeIgniter->runController(Object(App\Controllers\Warden_Notices))
#2 F:\SOFTWARES\htdocs\HMS\system\CodeIgniter.php(326): CodeIgniter\CodeIgniter->handleRequest(NULL, Object(Config\Cache), false)
#3 F:\SOFTWARES\htdocs\HMS\index.php(37): CodeIgniter\CodeIgniter->run()
#4 {main}
CRITICAL - 2022-04-23 13:13:57 --> Too few arguments to function App\Controllers\Warden_Notices::getMyNotices(), 0 passed in F:\SOFTWARES\htdocs\HMS\system\CodeIgniter.php on line 832 and exactly 1 expected
#0 F:\SOFTWARES\htdocs\HMS\system\CodeIgniter.php(832): App\Controllers\Warden_Notices->getMyNotices()
#1 F:\SOFTWARES\htdocs\HMS\system\CodeIgniter.php(419): CodeIgniter\CodeIgniter->runController(Object(App\Controllers\Warden_Notices))
#2 F:\SOFTWARES\htdocs\HMS\system\CodeIgniter.php(326): CodeIgniter\CodeIgniter->handleRequest(NULL, Object(Config\Cache), false)
#3 F:\SOFTWARES\htdocs\HMS\index.php(37): CodeIgniter\CodeIgniter->run()
#4 {main}
