CRITICAL - 2022-08-20 00:46:03 --> Undefined variable $db
#0 F:\SOFTWARES\htdocs\HMS\app\Controllers\SubWarden_Rooms.php(255): CodeIgniter\Debug\Exceptions->errorHandler(2, 'Undefined varia...', 'F:\\SOFTWARES\\ht...', 255)
#1 F:\SOFTWARES\htdocs\HMS\system\CodeIgniter.php(832): App\Controllers\SubWarden_Rooms->add_boys_list()
#2 F:\SOFTWARES\htdocs\HMS\system\CodeIgniter.php(419): CodeIgniter\CodeIgniter->runController(Object(App\Controllers\SubWarden_Rooms))
#3 F:\SOFTWARES\htdocs\HMS\system\CodeIgniter.php(326): CodeIgniter\CodeIgniter->handleRequest(NULL, Object(Config\Cache), false)
#4 F:\SOFTWARES\htdocs\HMS\index.php(37): CodeIgniter\CodeIgniter->run()
#5 {main}
CRITICAL - 2022-08-20 00:52:17 --> Unsupported operand types: string + string
#0 F:\SOFTWARES\htdocs\HMS\system\CodeIgniter.php(832): App\Controllers\SubWarden_Rooms->addStudentNew()
#1 F:\SOFTWARES\htdocs\HMS\system\CodeIgniter.php(419): CodeIgniter\CodeIgniter->runController(Object(App\Controllers\SubWarden_Rooms))
#2 F:\SOFTWARES\htdocs\HMS\system\CodeIgniter.php(326): CodeIgniter\CodeIgniter->handleRequest(NULL, Object(Config\Cache), false)
#3 F:\SOFTWARES\htdocs\HMS\index.php(37): CodeIgniter\CodeIgniter->run()
#4 {main}
CRITICAL - 2022-08-20 01:15:37 --> Undefined variable $gen
#0 F:\SOFTWARES\htdocs\HMS\app\Views\SubWarden\Rooms\rooms.php(332): CodeIgniter\Debug\Exceptions->errorHandler(2, 'Undefined varia...', 'F:\\SOFTWARES\\ht...', 332)
#1 F:\SOFTWARES\htdocs\HMS\system\View\View.php(210): include('F:\\SOFTWARES\\ht...')
#2 F:\SOFTWARES\htdocs\HMS\system\View\View.php(213): CodeIgniter\View\View->CodeIgniter\View\{closure}()
#3 F:\SOFTWARES\htdocs\HMS\system\Common.php(1089): CodeIgniter\View\View->render('SubWarden/Rooms...', Array, true)
#4 F:\SOFTWARES\htdocs\HMS\app\Controllers\SubWarden_Rooms.php(14): view('SubWarden/Rooms...')
#5 F:\SOFTWARES\htdocs\HMS\system\CodeIgniter.php(832): App\Controllers\SubWarden_Rooms->room()
#6 F:\SOFTWARES\htdocs\HMS\system\CodeIgniter.php(419): CodeIgniter\CodeIgniter->runController(Object(App\Controllers\SubWarden_Rooms))
#7 F:\SOFTWARES\htdocs\HMS\system\CodeIgniter.php(326): CodeIgniter\CodeIgniter->handleRequest(NULL, Object(Config\Cache), false)
#8 F:\SOFTWARES\htdocs\HMS\index.php(37): CodeIgniter\CodeIgniter->run()
#9 {main}
CRITICAL - 2022-08-20 01:42:34 --> Undefined array key "student_name"
#0 F:\SOFTWARES\htdocs\HMS\app\Controllers\SubWarden_Rooms.php(351): CodeIgniter\Debug\Exceptions->errorHandler(2, 'Undefined array...', 'F:\\SOFTWARES\\ht...', 351)
#1 F:\SOFTWARES\htdocs\HMS\system\CodeIgniter.php(832): App\Controllers\SubWarden_Rooms->searchForAStu()
#2 F:\SOFTWARES\htdocs\HMS\system\CodeIgniter.php(419): CodeIgniter\CodeIgniter->runController(Object(App\Controllers\SubWarden_Rooms))
#3 F:\SOFTWARES\htdocs\HMS\system\CodeIgniter.php(326): CodeIgniter\CodeIgniter->handleRequest(NULL, Object(Config\Cache), false)
#4 F:\SOFTWARES\htdocs\HMS\index.php(37): CodeIgniter\CodeIgniter->run()
#5 {main}
CRITICAL - 2022-08-20 01:42:39 --> Undefined array key "student_name"
#0 F:\SOFTWARES\htdocs\HMS\app\Controllers\SubWarden_Rooms.php(351): CodeIgniter\Debug\Exceptions->errorHandler(2, 'Undefined array...', 'F:\\SOFTWARES\\ht...', 351)
#1 F:\SOFTWARES\htdocs\HMS\system\CodeIgniter.php(832): App\Controllers\SubWarden_Rooms->searchForAStu()
#2 F:\SOFTWARES\htdocs\HMS\system\CodeIgniter.php(419): CodeIgniter\CodeIgniter->runController(Object(App\Controllers\SubWarden_Rooms))
#3 F:\SOFTWARES\htdocs\HMS\system\CodeIgniter.php(326): CodeIgniter\CodeIgniter->handleRequest(NULL, Object(Config\Cache), false)
#4 F:\SOFTWARES\htdocs\HMS\index.php(37): CodeIgniter\CodeIgniter->run()
#5 {main}
CRITICAL - 2022-08-20 01:42:40 --> Undefined array key "student_name"
#0 F:\SOFTWARES\htdocs\HMS\app\Controllers\SubWarden_Rooms.php(351): CodeIgniter\Debug\Exceptions->errorHandler(2, 'Undefined array...', 'F:\\SOFTWARES\\ht...', 351)
#1 F:\SOFTWARES\htdocs\HMS\system\CodeIgniter.php(832): App\Controllers\SubWarden_Rooms->searchForAStu()
#2 F:\SOFTWARES\htdocs\HMS\system\CodeIgniter.php(419): CodeIgniter\CodeIgniter->runController(Object(App\Controllers\SubWarden_Rooms))
#3 F:\SOFTWARES\htdocs\HMS\system\CodeIgniter.php(326): CodeIgniter\CodeIgniter->handleRequest(NULL, Object(Config\Cache), false)
#4 F:\SOFTWARES\htdocs\HMS\index.php(37): CodeIgniter\CodeIgniter->run()
#5 {main}
CRITICAL - 2022-08-20 01:42:40 --> Undefined array key "student_name"
#0 F:\SOFTWARES\htdocs\HMS\app\Controllers\SubWarden_Rooms.php(351): CodeIgniter\Debug\Exceptions->errorHandler(2, 'Undefined array...', 'F:\\SOFTWARES\\ht...', 351)
#1 F:\SOFTWARES\htdocs\HMS\system\CodeIgniter.php(832): App\Controllers\SubWarden_Rooms->searchForAStu()
#2 F:\SOFTWARES\htdocs\HMS\system\CodeIgniter.php(419): CodeIgniter\CodeIgniter->runController(Object(App\Controllers\SubWarden_Rooms))
#3 F:\SOFTWARES\htdocs\HMS\system\CodeIgniter.php(326): CodeIgniter\CodeIgniter->handleRequest(NULL, Object(Config\Cache), false)
#4 F:\SOFTWARES\htdocs\HMS\index.php(37): CodeIgniter\CodeIgniter->run()
#5 {main}
CRITICAL - 2022-08-20 01:42:53 --> Undefined array key "student_name"
#0 F:\SOFTWARES\htdocs\HMS\app\Controllers\SubWarden_Rooms.php(351): CodeIgniter\Debug\Exceptions->errorHandler(2, 'Undefined array...', 'F:\\SOFTWARES\\ht...', 351)
#1 F:\SOFTWARES\htdocs\HMS\system\CodeIgniter.php(832): App\Controllers\SubWarden_Rooms->searchForAStu()
#2 F:\SOFTWARES\htdocs\HMS\system\CodeIgniter.php(419): CodeIgniter\CodeIgniter->runController(Object(App\Controllers\SubWarden_Rooms))
#3 F:\SOFTWARES\htdocs\HMS\system\CodeIgniter.php(326): CodeIgniter\CodeIgniter->handleRequest(NULL, Object(Config\Cache), false)
#4 F:\SOFTWARES\htdocs\HMS\index.php(37): CodeIgniter\CodeIgniter->run()
#5 {main}
CRITICAL - 2022-08-20 01:42:55 --> Undefined array key "student_name"
#0 F:\SOFTWARES\htdocs\HMS\app\Controllers\SubWarden_Rooms.php(351): CodeIgniter\Debug\Exceptions->errorHandler(2, 'Undefined array...', 'F:\\SOFTWARES\\ht...', 351)
#1 F:\SOFTWARES\htdocs\HMS\system\CodeIgniter.php(832): App\Controllers\SubWarden_Rooms->searchForAStu()
#2 F:\SOFTWARES\htdocs\HMS\system\CodeIgniter.php(419): CodeIgniter\CodeIgniter->runController(Object(App\Controllers\SubWarden_Rooms))
#3 F:\SOFTWARES\htdocs\HMS\system\CodeIgniter.php(326): CodeIgniter\CodeIgniter->handleRequest(NULL, Object(Config\Cache), false)
#4 F:\SOFTWARES\htdocs\HMS\index.php(37): CodeIgniter\CodeIgniter->run()
#5 {main}
CRITICAL - 2022-08-20 01:42:56 --> Undefined array key "student_name"
#0 F:\SOFTWARES\htdocs\HMS\app\Controllers\SubWarden_Rooms.php(351): CodeIgniter\Debug\Exceptions->errorHandler(2, 'Undefined array...', 'F:\\SOFTWARES\\ht...', 351)
#1 F:\SOFTWARES\htdocs\HMS\system\CodeIgniter.php(832): App\Controllers\SubWarden_Rooms->searchForAStu()
#2 F:\SOFTWARES\htdocs\HMS\system\CodeIgniter.php(419): CodeIgniter\CodeIgniter->runController(Object(App\Controllers\SubWarden_Rooms))
#3 F:\SOFTWARES\htdocs\HMS\system\CodeIgniter.php(326): CodeIgniter\CodeIgniter->handleRequest(NULL, Object(Config\Cache), false)
#4 F:\SOFTWARES\htdocs\HMS\index.php(37): CodeIgniter\CodeIgniter->run()
#5 {main}
CRITICAL - 2022-08-20 03:28:20 --> Cannot use object of type mysqli as array
#0 F:\SOFTWARES\htdocs\HMS\system\CodeIgniter.php(832): App\Controllers\SubWarden_Rooms->othersinRoom()
#1 F:\SOFTWARES\htdocs\HMS\system\CodeIgniter.php(419): CodeIgniter\CodeIgniter->runController(Object(App\Controllers\SubWarden_Rooms))
#2 F:\SOFTWARES\htdocs\HMS\system\CodeIgniter.php(326): CodeIgniter\CodeIgniter->handleRequest(NULL, Object(Config\Cache), false)
#3 F:\SOFTWARES\htdocs\HMS\index.php(37): CodeIgniter\CodeIgniter->run()
#4 {main}
CRITICAL - 2022-08-20 03:28:28 --> Cannot use object of type mysqli as array
#0 F:\SOFTWARES\htdocs\HMS\system\CodeIgniter.php(832): App\Controllers\SubWarden_Rooms->othersinRoom()
#1 F:\SOFTWARES\htdocs\HMS\system\CodeIgniter.php(419): CodeIgniter\CodeIgniter->runController(Object(App\Controllers\SubWarden_Rooms))
#2 F:\SOFTWARES\htdocs\HMS\system\CodeIgniter.php(326): CodeIgniter\CodeIgniter->handleRequest(NULL, Object(Config\Cache), false)
#3 F:\SOFTWARES\htdocs\HMS\index.php(37): CodeIgniter\CodeIgniter->run()
#4 {main}
CRITICAL - 2022-08-20 03:29:08 --> Cannot use object of type mysqli as array
#0 F:\SOFTWARES\htdocs\HMS\system\CodeIgniter.php(832): App\Controllers\SubWarden_Rooms->othersinRoom()
#1 F:\SOFTWARES\htdocs\HMS\system\CodeIgniter.php(419): CodeIgniter\CodeIgniter->runController(Object(App\Controllers\SubWarden_Rooms))
#2 F:\SOFTWARES\htdocs\HMS\system\CodeIgniter.php(326): CodeIgniter\CodeIgniter->handleRequest(NULL, Object(Config\Cache), false)
#3 F:\SOFTWARES\htdocs\HMS\index.php(37): CodeIgniter\CodeIgniter->run()
#4 {main}
ERROR - 2022-08-20 06:11:50 --> Unknown column 'user_id' in 'where clause'
CRITICAL - 2022-08-20 06:11:50 --> Call to a member function getResult() on bool
#0 F:\SOFTWARES\htdocs\HMS\system\BaseModel.php(584): CodeIgniter\Model->doFindAll(0, 0)
#1 F:\SOFTWARES\htdocs\HMS\app\Controllers\Student_Dashboard.php(258): CodeIgniter\BaseModel->findAll()
#2 F:\SOFTWARES\htdocs\HMS\system\CodeIgniter.php(832): App\Controllers\Student_Dashboard->update_user()
#3 F:\SOFTWARES\htdocs\HMS\system\CodeIgniter.php(419): CodeIgniter\CodeIgniter->runController(Object(App\Controllers\Student_Dashboard))
#4 F:\SOFTWARES\htdocs\HMS\system\CodeIgniter.php(326): CodeIgniter\CodeIgniter->handleRequest(NULL, Object(Config\Cache), false)
#5 F:\SOFTWARES\htdocs\HMS\index.php(37): CodeIgniter\CodeIgniter->run()
#6 {main}
